Log file open, 09/26/18 12:56:10
LogWindows: Failed to load 'aqProf.dll' (GetLastError=126)
LogWindows: File 'aqProf.dll' does not exist
LogWindows: Failed to load 'VSPerf140.dll' (GetLastError=126)
LogWindows: File 'VSPerf140.dll' does not exist
LogWindows: Failed to load 'VtuneApi.dll' (GetLastError=126)
LogWindows: File 'VtuneApi.dll' does not exist
LogWindows: Failed to load 'VtuneApi32e.dll' (GetLastError=126)
LogWindows: File 'VtuneApi32e.dll' does not exist
LogInit: Display: Running engine for game: JennyWAPInClassA3
LogPlatformFile: Not using cached read wrapper
LogTaskGraph: Started task graph with 5 named threads and 23 total threads with 3 sets of task threads.
LogStats: Stats thread started at 0.282323
LogD3D11RHI: Loaded GFSDK_Aftermath_Lib.x64.dll
LogICUInternationalization: Display: ICU TimeZone Detection - Raw Offset: -7:00, Platform Override: ''
LogPluginManager: Mounting plugin Paper2D
LogPluginManager: Mounting plugin AISupport
LogPluginManager: Mounting plugin LightPropagationVolume
LogPluginManager: Mounting plugin CLionSourceCodeAccess
LogPluginManager: Mounting plugin CodeLiteSourceCodeAccess
LogPluginManager: Mounting plugin GitSourceControl
LogPluginManager: Mounting plugin KDevelopSourceCodeAccess
LogPluginManager: Mounting plugin NullSourceCodeAccess
LogPluginManager: Mounting plugin PerforceSourceControl
LogPluginManager: Mounting plugin SubversionSourceControl
LogPluginManager: Mounting plugin UObjectPlugin
LogPluginManager: Mounting plugin VisualStudioCodeSourceCodeAccess
LogPluginManager: Mounting plugin VisualStudioSourceCodeAccess
LogPluginManager: Mounting plugin XCodeSourceCodeAccess
LogPluginManager: Mounting plugin AssetManagerEditor
LogPluginManager: Mounting plugin CryptoKeys
LogPluginManager: Mounting plugin DataValidation
LogPluginManager: Mounting plugin FacialAnimation
LogPluginManager: Mounting plugin GameplayTagsEditor
LogPluginManager: Mounting plugin MacGraphicsSwitching
LogPluginManager: Mounting plugin MeshEditor
LogPluginManager: Mounting plugin MobileLauncherProfileWizard
LogPluginManager: Mounting plugin PluginBrowser
LogPluginManager: Mounting plugin SpeedTreeImporter
LogPluginManager: Mounting plugin DatasmithContent
LogPluginManager: Mounting plugin AlembicImporter
LogPluginManager: Mounting plugin AppleImageUtils
LogPluginManager: Mounting plugin AppleVision
LogPluginManager: Mounting plugin BackChannel
LogPluginManager: Mounting plugin CharacterAI
LogPluginManager: Mounting plugin GeometryCache
LogPluginManager: Mounting plugin HTML5Networking
LogPluginManager: Mounting plugin ProxyLODPlugin
LogPluginManager: Mounting plugin MagicLeap
LogPluginManager: Mounting plugin MagicLeapEmulator
LogPluginManager: Mounting plugin MagicLeapMedia
LogPluginManager: Mounting plugin AndroidMedia
LogPluginManager: Mounting plugin AvfMedia
LogPluginManager: Mounting plugin ImgMedia
LogPluginManager: Mounting plugin LinearTimecode
LogPluginManager: Mounting plugin MediaCompositing
LogPluginManager: Mounting plugin MediaPlayerEditor
LogPluginManager: Mounting plugin WmfMedia
LogPluginManager: Mounting plugin TcpMessaging
LogPluginManager: Mounting plugin UdpMessaging
LogPluginManager: Mounting plugin ActorSequence
LogPluginManager: Mounting plugin LevelSequenceEditor
LogPluginManager: Mounting plugin MatineeToLevelSequence
LogPluginManager: Mounting plugin NetcodeUnitTest
LogPluginManager: Mounting plugin NUTUnrealEngine4
LogPluginManager: Mounting plugin OnlineSubsystemGooglePlay
LogPluginManager: Mounting plugin OnlineSubsystemIOS
LogPluginManager: Mounting plugin OnlineSubsystem
LogPluginManager: Mounting plugin OnlineSubsystemNull
LogPluginManager: Mounting plugin OnlineSubsystemUtils
LogPluginManager: Mounting plugin LauncherChunkInstaller
LogPluginManager: Mounting plugin AndroidDeviceProfileSelector
LogPluginManager: Mounting plugin AndroidMoviePlayer
LogPluginManager: Mounting plugin AndroidPermission
LogPluginManager: Mounting plugin AppleMoviePlayer
LogPluginManager: Mounting plugin ArchVisCharacter
LogPluginManager: Mounting plugin AudioCapture
LogPluginManager: Mounting plugin CableComponent
LogPluginManager: Mounting plugin CustomMeshComponent
LogPluginManager: Mounting plugin EditableMesh
LogPluginManager: Mounting plugin ExampleDeviceProfileSelector
LogPluginManager: Mounting plugin GoogleCloudMessaging
LogPluginManager: Mounting plugin ImmediatePhysics
LogPluginManager: Mounting plugin IOSDeviceProfileSelector
LogPluginManager: Mounting plugin LinuxDeviceProfileSelector
LogPluginManager: Mounting plugin LocationServicesBPLibrary
LogPluginManager: Mounting plugin MobilePatchingUtils
LogPluginManager: Mounting plugin OculusVR
LogPluginManager: Plugin shader directory ../../../Engine/Plugins/Runtime/Oculus/OculusVR/Shaders found
LogPluginManager: Mapping shader source directory ../../../Engine/Plugins/Runtime/Oculus/OculusVR/Shaders to virtual directory /Plugin/OculusVR
LogPluginManager: Mounting plugin PhysXVehicles
LogPluginManager: Mounting plugin ProceduralMeshComponent
LogPluginManager: Mounting plugin RuntimePhysXCooking
LogPluginManager: Mounting plugin SteamVR
LogPluginManager: Mounting plugin WindowsMoviePlayer
LogStreaming: Display: Took  0.137s to configure plugins.
LogInit: Using libcurl 7.55.1-DEV
LogInit:  - built for x86_64-pc-win32
LogInit:  - supports SSL with OpenSSL/1.0.2h
LogInit:  - supports HTTP deflate (compression) using libz 1.2.8
LogInit:  - other features:
LogInit:      CURL_VERSION_SSL
LogInit:      CURL_VERSION_LIBZ
LogInit:      CURL_VERSION_IPV6
LogInit:      CURL_VERSION_ASYNCHDNS
LogInit:      CURL_VERSION_LARGEFILE
LogInit:      CURL_VERSION_IDN
LogInit:  CurlRequestOptions (configurable via config and command line):
LogInit:  - bVerifyPeer = false  - Libcurl will NOT verify peer certificate
LogInit:  - bUseHttpProxy = false  - Libcurl will NOT use HTTP proxy
LogInit:  - bDontReuseConnections = false  - Libcurl will reuse connections
LogInit:  - CertBundlePath = nullptr  - Libcurl will use whatever was configured at build time.
LogInit:  - MaxHostConnections = 16  - Libcurl will limit the number of connections to a host
LogInit:  - LocalHostAddr = Default
LogInit:  - BufferSize = 65536
LogInit: WinSock: version 1.1 (2.2), MaxSocks=32767, MaxUdp=65467
LogInit: Build: ++UE4+Release-4.20-CL-4302132
LogInit: Engine Version: 4.20.2-4302132+++UE4+Release-4.20
LogInit: Compatible Engine Version: 4.20.0-4212847+++UE4+Release-4.20
LogInit: Net CL: 4212847
LogInit: OS: Windows 10 (), CPU: Intel(R) Core(TM) i7-7700HQ CPU @ 2.80GHz, GPU: Microsoft Basic Display Driver
LogInit: Compiled (64-bit): Aug 21 2018 02:06:06
LogInit: Compiled with Visual C++: 19.13.26129.00
LogInit: Build Configuration: Development
LogInit: Branch Name: ++UE4+Release-4.20
LogInit: Command Line: 
LogInit: Base Directory: C:/Program Files/Epic Games/UE_4.20/Engine/Binaries/Win64/
LogInit: Installed Engine Build: 1
LogDevObjectVersion: Number of dev versions registered: 20
LogDevObjectVersion:   Dev-Blueprints (B0D832E4-1F89-4F0D-ACCF-7EB736FD4AA2): 10
LogDevObjectVersion:   Dev-Build (E1C64328-A22C-4D53-A36C-8E866417BD8C): 0
LogDevObjectVersion:   Dev-Core (375EC13C-06E4-48FB-B500-84F0262A717E): 2
LogDevObjectVersion:   Dev-Editor (E4B068ED-F494-42E9-A231-DA0B2E46BB41): 24
LogDevObjectVersion:   Dev-Framework (CFFC743F-43B0-4480-9391-14DF171D2073): 34
LogDevObjectVersion:   Dev-Mobile (B02B49B5-BB20-44E9-A304-32B752E40360): 2
LogDevObjectVersion:   Dev-Networking (A4E4105C-59A1-49B5-A7C5-40C4547EDFEE): 0
LogDevObjectVersion:   Dev-Online (39C831C9-5AE6-47DC-9A44-9C173E1C8E7C): 0
LogDevObjectVersion:   Dev-Physics (78F01B33-EBEA-4F98-B9B4-84EACCB95AA2): 0
LogDevObjectVersion:   Dev-Platform (6631380F-2D4D-43E0-8009-CF276956A95A): 0
LogDevObjectVersion:   Dev-Rendering (12F88B9F-8875-4AFC-A67C-D90C383ABD29): 26
LogDevObjectVersion:   Dev-Sequencer (7B5AE74C-D270-4C10-A958-57980B212A5A): 9
LogDevObjectVersion:   Dev-VR (D7296918-1DD6-4BDD-9DE2-64A83CC13884): 2
LogDevObjectVersion:   Dev-LoadTimes (C2A15278-BFE7-4AFE-6C17-90FF531DF755): 1
LogDevObjectVersion:   Private-Geometry (6EACA3D4-40EC-4CC1-B786-8BED09428FC5): 3
LogDevObjectVersion:   Dev-AnimPhys (29E575DD-E0A3-4627-9D10-D276232CDCEA): 17
LogDevObjectVersion:   Dev-ReflectionCapture (6B266CEC-1EC7-4B8F-A30B-E4D90942FC07): 1
LogDevObjectVersion:   Dev-Automation (0DF73D61-A23F-47EA-B727-89E90C41499A): 1
LogDevObjectVersion:   FortniteMain (601D1886-AC64-4F84-AA16-D3DE0DEAC7D6): 12
LogDevObjectVersion:   Dev-Enterprise (9DFFBCD6-494F-0158-E221-12823C92A888): 1
LogStreaming: Display: Took  0.002s to delete old logs.
LogInit: Presizing for max 8388607 objects, including 0 objects not considered by GC, pre-allocating 0 bytes for permanent pool.
LogInit: Object subsystem initialized
[2018.09.26-18.56.11:017][  0]LogInit: Selected Device Profile: [Windows]
[2018.09.26-18.56.11:017][  0]LogInit: Applying CVar settings loaded from the selected device profile: [Windows]
[2018.09.26-18.56.11:031][  0]LogHAL: Display: Platform has ~ 16 GB [17096101888 / 17179869184 / 16], which maps to Larger [LargestMinGB=32, LargerMinGB=12, DefaultMinGB=8, SmallerMinGB=6, SmallestMinGB=0)
[2018.09.26-18.56.11:032][  0]LogInit: Setting Device Profile CVar: [[r.Vulkan.UseRealUBs:1]]
[2018.09.26-18.56.11:032][  0]LogInit: Going up to parent DeviceProfile []
[2018.09.26-18.56.11:032][  0]LogInit: Computer: DESKTOP-F3TMPJ9
[2018.09.26-18.56.11:032][  0]LogInit: User: Aldania
[2018.09.26-18.56.11:032][  0]LogInit: CPU Page size=4096, Cores=4
[2018.09.26-18.56.11:032][  0]LogInit: High frequency timer resolution =2.742191 MHz
[2018.09.26-18.56.11:032][  0]LogMemory: Memory total: Physical=15.9GB (16GB approx)
[2018.09.26-18.56.11:032][  0]LogMemory: Platform Memory Stats for Windows
[2018.09.26-18.56.11:032][  0]LogMemory: Process Physical Memory: 100.09 MB used, 100.09 MB peak
[2018.09.26-18.56.11:032][  0]LogMemory: Process Virtual Memory: 92.27 MB used, 92.27 MB peak
[2018.09.26-18.56.11:032][  0]LogMemory: Physical Memory: 9850.04 MB used,  6454.07 MB free, 16304.11 MB total
[2018.09.26-18.56.11:032][  0]LogMemory: Virtual Memory: 4636.78 MB used,  6454.07 MB free, 134217728.00 MB total
[2018.09.26-18.56.11:740][  0]LogInit: Using OS detected language (en-US).
[2018.09.26-18.56.11:740][  0]LogInit: Using OS detected locale (en-US).
[2018.09.26-18.56.11:741][  0]LogTextLocalizationManager: No specific localization for 'en-US' exists, so the 'en' localization will be used.
[2018.09.26-18.56.12:101][  0]LogStreaming: Display: Took  0.360s to InitEngineTextLocalization.
[2018.09.26-18.56.12:133][  0]LogSlate: New Slate User Created.  User Index 0, Is Virtual User: 0
[2018.09.26-18.56.12:133][  0]LogSlate: Slate User Registered.  User Index 0, Is Virtual User: 0
[2018.09.26-18.56.12:359][  0]LogHMD: Failed to initialize OpenVR with code 126
[2018.09.26-18.56.12:359][  0]LogD3D11RHI: D3D11 adapters:
[2018.09.26-18.56.12:361][  0]LogD3D11RHI:    0. 'Microsoft Basic Render Driver' (Feature Level 11_0)
[2018.09.26-18.56.12:361][  0]LogD3D11RHI:       0/0/8152 MB DedicatedVideo/DedicatedSystem/SharedSystem, Outputs:1, VendorId:0x1414
[2018.09.26-18.56.12:434][  0]LogD3D11RHI:    1. 'NVIDIA GeForce GTX 1050 Ti' (Feature Level 11_0)
[2018.09.26-18.56.12:434][  0]LogD3D11RHI:       4021/0/8152 MB DedicatedVideo/DedicatedSystem/SharedSystem, Outputs:0, VendorId:0x10de
[2018.09.26-18.56.12:436][  0]LogD3D11RHI:    2. 'Microsoft Basic Render Driver' (Feature Level 11_0)
[2018.09.26-18.56.12:436][  0]LogD3D11RHI:       0/0/8152 MB DedicatedVideo/DedicatedSystem/SharedSystem, Outputs:0, VendorId:0x1414
[2018.09.26-18.56.12:436][  0]LogD3D11RHI: Chosen D3D11 Adapter: 1
[2018.09.26-18.56.12:446][  0]LogD3D11RHI: Creating new Direct3DDevice
[2018.09.26-18.56.12:446][  0]LogD3D11RHI:     GPU DeviceId: 0x1c8c (for the marketing name, search the web for "GPU Device Id")
[2018.09.26-18.56.12:446][  0]LogWindows: EnumDisplayDevices:
[2018.09.26-18.56.12:446][  0]LogWindows:    0. 'Microsoft Basic Display Driver' (P:1 D:1)
[2018.09.26-18.56.12:446][  0]LogWindows: DebugString: GetVideoDriverDetailsInvalid PrimaryIsNotTheChoosenAdapter FoundDriverCount:0 
[2018.09.26-18.56.12:446][  0]LogD3D11RHI:     Adapter Name: NVIDIA GeForce GTX 1050 Ti
[2018.09.26-18.56.12:446][  0]LogD3D11RHI:   Driver Version: Unknown (internal:Unknown, unified:Unknown)
[2018.09.26-18.56.12:446][  0]LogD3D11RHI:      Driver Date: Unknown
[2018.09.26-18.56.12:446][  0]LogRHI: Texture pool is 2814 MB (70% of 4021 MB)
[2018.09.26-18.56.12:483][  0]LogD3D11RHI: Async texture creation enabled
[2018.09.26-18.56.12:499][  0]LogD3D11RHI: GPU Timing Frequency: 1000.000000 (Debug: 2 2)
[2018.09.26-18.56.12:500][  0]LogShaderCompilers: Guid format shader working directory is -28 characters bigger than the processId version (../../../../../../Users/Alann/Documents/Unreal Projects/JennyWAPInClassA2/Intermediate/Shaders/WorkingDirectory/39052/).
[2018.09.26-18.56.12:500][  0]LogShaderCompilers: Cleaned the shader compiler working directory 'C:/Users/Alann/AppData/Local/Temp/UnrealShaderWorkingDir/7F8E92C14C80E390E8B8B7A3A9C58FD2/'.
[2018.09.26-18.56.12:805][  0]LogTemp: Display: Loaded TP AllDesktopTargetPlatform
[2018.09.26-18.56.12:819][  0]LogTemp: Display: Loaded TP MacClientTargetPlatform
[2018.09.26-18.56.12:832][  0]LogTemp: Display: Loaded TP MacNoEditorTargetPlatform
[2018.09.26-18.56.12:846][  0]LogTemp: Display: Loaded TP MacServerTargetPlatform
[2018.09.26-18.56.12:859][  0]LogTemp: Display: Loaded TP MacTargetPlatform
[2018.09.26-18.56.12:873][  0]LogTemp: Display: Loaded TP WindowsClientTargetPlatform
[2018.09.26-18.56.12:885][  0]LogTemp: Display: Loaded TP WindowsNoEditorTargetPlatform
[2018.09.26-18.56.12:899][  0]LogTemp: Display: Loaded TP WindowsServerTargetPlatform
[2018.09.26-18.56.12:906][  0]LogTemp: Display: Loaded TP WindowsTargetPlatform
[2018.09.26-18.56.12:981][  0]LogTemp: Display: Loaded TP AndroidTargetPlatform
[2018.09.26-18.56.12:981][  0]LogTemp: Display: Loaded TP AndroidTargetPlatform
[2018.09.26-18.56.12:981][  0]LogTemp: Display: Loaded TP AndroidTargetPlatform
[2018.09.26-18.56.12:981][  0]LogTemp: Display: Loaded TP AndroidTargetPlatform
[2018.09.26-18.56.12:981][  0]LogTemp: Display: Loaded TP AndroidTargetPlatform
[2018.09.26-18.56.12:981][  0]LogTemp: Display: Loaded TP AndroidTargetPlatform
[2018.09.26-18.56.12:981][  0]LogTemp: Display: Loaded TP AndroidTargetPlatform
[2018.09.26-18.56.12:981][  0]LogTemp: Display: Loaded TP AndroidTargetPlatform
[2018.09.26-18.56.12:981][  0]LogTemp: Display: Loaded TP AndroidTargetPlatform
[2018.09.26-18.56.12:981][  0]LogTemp: Display: Loaded TP AndroidTargetPlatform
[2018.09.26-18.56.12:981][  0]LogTemp: Display: Loaded TP AndroidTargetPlatform
[2018.09.26-18.56.12:981][  0]LogTemp: Display: Loaded TP AndroidTargetPlatform
[2018.09.26-18.56.12:981][  0]LogTemp: Display: Loaded TP AndroidTargetPlatform
[2018.09.26-18.56.12:981][  0]LogTemp: Display: Loaded TP AndroidTargetPlatform
[2018.09.26-18.56.12:981][  0]LogTemp: Display: Loaded TP AndroidTargetPlatform
[2018.09.26-18.56.12:982][  0]LogTemp: Display: Loaded TP AndroidTargetPlatform
[2018.09.26-18.56.12:982][  0]LogTemp: Display: Loaded TP AndroidTargetPlatform
[2018.09.26-18.56.12:982][  0]LogTemp: Display: Loaded TP AndroidTargetPlatform
[2018.09.26-18.56.12:983][  0]LogTemp: Display: Loaded TP HTML5TargetPlatform
[2018.09.26-18.56.13:044][  0]LogTemp: Display: Loaded TP IOSTargetPlatform
[2018.09.26-18.56.13:044][  0]LogTemp: Display: Loaded TP IOSTargetPlatform
[2018.09.26-18.56.13:074][  0]LogTemp: Display: Loaded TP TVOSTargetPlatform
[2018.09.26-18.56.13:074][  0]LogTemp: Display: Loaded TP TVOSTargetPlatform
[2018.09.26-18.56.13:086][  0]LogTemp: Display: Loaded TP LinuxClientTargetPlatform
[2018.09.26-18.56.13:100][  0]LogTemp: Display: Loaded TP LinuxNoEditorTargetPlatform
[2018.09.26-18.56.13:113][  0]LogTemp: Display: Loaded TP LinuxServerTargetPlatform
[2018.09.26-18.56.13:129][  0]LogTemp: Display: Loaded TP LinuxTargetPlatform
[2018.09.26-18.56.13:141][  0]LogTemp: Display: Loaded TP LuminTargetPlatform
[2018.09.26-18.56.13:141][  0]LogTargetPlatformManager: Display: Building Assets For Windows
[2018.09.26-18.56.13:199][  0]LogXGEController: Cannot use XGE Controller as Incredibuild is not installed on this machine.
[2018.09.26-18.56.13:199][  0]LogShaderCompilers: Cannot use XGE Shader Compiler as Incredibuild is not installed on this machine.
[2018.09.26-18.56.13:199][  0]LogShaderCompilers: Display: Using Local Shader Compiler.
[2018.09.26-18.56.13:916][  0]LogDerivedDataCache: Display: Max Cache Size: 512 MB
[2018.09.26-18.56.13:977][  0]LogDerivedDataCache: Loaded boot cache 0.06s 71MB C:/Users/Alann/AppData/Local/UnrealEngine/4.20/DerivedDataCache/Boot.ddc.
[2018.09.26-18.56.13:977][  0]LogDerivedDataCache: Display: Loaded Boot cache: C:/Users/Alann/AppData/Local/UnrealEngine/4.20/DerivedDataCache/Boot.ddc
[2018.09.26-18.56.13:978][  0]LogDerivedDataCache: FDerivedDataBackendGraph:  Pak pak cache file ../../../../../../Users/Alann/Documents/Unreal Projects/JennyWAPInClassA2/DerivedDataCache/DDC.ddp not found, will not use a pak cache.
[2018.09.26-18.56.13:978][  0]LogDerivedDataCache: Unable to find inner node Pak for hierarchical cache Hierarchy.
[2018.09.26-18.56.13:978][  0]LogDerivedDataCache: FDerivedDataBackendGraph:  CompressedPak pak cache file ../../../../../../Users/Alann/Documents/Unreal Projects/JennyWAPInClassA2/DerivedDataCache/Compressed.ddp not found, will not use a pak cache.
[2018.09.26-18.56.13:978][  0]LogDerivedDataCache: Unable to find inner node CompressedPak for hierarchical cache Hierarchy.
[2018.09.26-18.56.13:991][  0]LogDerivedDataCache: Display: Pak cache opened for reading ../../../Engine/DerivedDataCache/Compressed.ddp.
[2018.09.26-18.56.14:003][  0]LogDerivedDataCache: Using Local data cache path C:/Users/Alann/AppData/Local/UnrealEngine/Common/DerivedDataCache: Writable
[2018.09.26-18.56.14:003][  0]LogDerivedDataCache: Shared data cache path not found in *engine.ini, will not use an Shared cache.
[2018.09.26-18.56.14:003][  0]LogDerivedDataCache: Unable to find inner node Shared for hierarchical cache Hierarchy.
[2018.09.26-18.56.14:021][  0]LogMaterial: Verifying Global Shaders for PCD3D_SM5
[2018.09.26-18.56.14:022][  0]LogSlate: Using FreeType 2.6.0
[2018.09.26-18.56.14:023][  0]LogSlate: SlateFontServices - WITH_FREETYPE: 1, WITH_HARFBUZZ: 1
[2018.09.26-18.56.14:101][  0]LogAssetRegistry: FAssetRegistry took 0.0264 seconds to start up
[2018.09.26-18.56.14:415][  0]LogInit: Selected Device Profile: [Windows]
[2018.09.26-18.56.14:545][  0]LogSimplygon: Simplygon DLL not present - disabling.
[2018.09.26-18.56.14:548][  0]LogMeshReduction: Using SimplygonSwarm for distributed automatic mesh merging
[2018.09.26-18.56.14:548][  0]LogMeshReduction: Using ProxyLODMeshReduction for automatic mesh merging
[2018.09.26-18.56.14:548][  0]LogMeshReduction: Using QuadricMeshReduction for automatic static mesh reduction
[2018.09.26-18.56.14:548][  0]LogMeshReduction: No automatic skeletal mesh reduction module available
[2018.09.26-18.56.14:565][  0]LogNetVersion: JennyWAPInClassA3 1.0.0, NetCL: 4212847, EngineNetVer: 5, GameNetVer: 0 (Checksum: 2996524890)
[2018.09.26-18.56.15:132][  0]LogPackageLocalizationCache: Processed 11 localized package path(s) for 2 prioritized culture(s) in 0.113837 seconds
[2018.09.26-18.56.15:139][  0]LogUObjectArray: 38425 objects as part of root set at end of initial load.
[2018.09.26-18.56.15:139][  0]LogUObjectAllocator: 6690872 out of 0 bytes used by permanent object pool.
[2018.09.26-18.56.15:139][  0]LogUObjectArray: CloseDisregardForGC: 0/0 objects in disregard for GC pool
[2018.09.26-18.56.16:037][  0]LogTcpMessaging: Initializing TcpMessaging bridge
[2018.09.26-18.56.16:050][  0]LogUdpMessaging: Initializing bridge on interface 0.0.0.0:0 to multicast group 230.0.0.1:6666.
[2018.09.26-18.56.16:196][  0]SourceControl: Source control is disabled
[2018.09.26-18.56.16:196][  0]SourceControl: Source control is disabled
[2018.09.26-18.56.16:198][  0]SourceControl: Source control is disabled
[2018.09.26-18.56.16:199][  0]SourceControl: Source control is disabled
[2018.09.26-18.56.16:364][  0]LogAndroidPermission: UAndroidPermissionCallbackProxy::GetInstance
[2018.09.26-18.56.16:475][  0]LogOcInput: OculusInput pre-init called
[2018.09.26-18.56.16:535][  0]LogEngine: Initializing Engine...
[2018.09.26-18.56.16:562][  0]LogHMD: Failed to initialize OpenVR with code 126
[2018.09.26-18.56.16:563][  0]LogStats: UGameplayTagsManager::ConstructGameplayTagTree: ImportINI prefixes -  0.000 s
[2018.09.26-18.56.16:564][  0]LogStats: UGameplayTagsManager::ConstructGameplayTagTree: Construct from data asset -  0.000 s
[2018.09.26-18.56.16:564][  0]LogStats: UGameplayTagsManager::ConstructGameplayTagTree: ImportINI -  0.000 s
[2018.09.26-18.56.16:564][  0]LogStats: UGameplayTagsManager::ConstructGameplayTagTree: GameplayTagTreeChangedEvent.Broadcast -  0.000 s
[2018.09.26-18.56.16:781][  0]LogInit: Initializing FReadOnlyCVARCache
[2018.09.26-18.56.16:793][  0]LogAIModule: Creating AISystem for world Untitled
[2018.09.26-18.56.16:876][  0]LogInit: XAudio2 using 'Speakers (Realtek High Definition Audio)' : 6 channels at 48 kHz using 32 bits per sample (channel mask 0x3f)
[2018.09.26-18.56.17:056][  0]LogInit: FAudioDevice initialized.
[2018.09.26-18.56.17:056][  0]LogNetVersion: Set ProjectVersion to 1.0.0.0. Version Checksum will be recalculated on next use.
[2018.09.26-18.56.17:143][  0]LogDerivedDataCache: Saved boot cache 0.09s 71MB C:/Users/Alann/AppData/Local/UnrealEngine/4.20/DerivedDataCache/Boot.ddc.
[2018.09.26-18.56.17:153][  0]LogInit: Texture streaming: Enabled
[2018.09.26-18.56.17:170][  0]LogEngineSessionManager: EngineSessionManager initialized
[2018.09.26-18.56.17:186][  0]LogInit: Transaction tracking system initialized
[2018.09.26-18.56.17:210][  0]BlueprintLog: New page: Editor Load
[2018.09.26-18.56.17:284][  0]LocalizationService: Localization service is disabled
[2018.09.26-18.56.17:555][  0]LogCook: Display: Max memory allowance for cook 16384mb min free memory 0mb
[2018.09.26-18.56.17:555][  0]LogCook: Display: Mobile HDR setting 1
[2018.09.26-18.56.17:555][  0]LogGameplayTags: Display: UGameplayTagsManager::DoneAddingNativeTags. DelegateIsBound: 0
[2018.09.26-18.56.17:555][  0]LogStats: UGameplayTagsManager::ConstructGameplayTagTree: ImportINI prefixes -  0.000 s
[2018.09.26-18.56.17:555][  0]LogStats: UGameplayTagsManager::ConstructGameplayTagTree: Construct from data asset -  0.000 s
[2018.09.26-18.56.17:555][  0]LogStats: UGameplayTagsManager::ConstructGameplayTagTree: ImportINI -  0.000 s
[2018.09.26-18.56.17:555][  0]LogStats: UGameplayTagsManager::ConstructGameplayTagTree: GameplayTagTreeChangedEvent.Broadcast -  0.000 s
[2018.09.26-18.56.17:675][  0]LogFileCache: Scanning file cache for directory 'C:/Users/Alann/Documents/Unreal Projects/JennyWAPInClassA2/Content/' took 0.02s
[2018.09.26-18.56.17:675][  0]SourceControl: Source control is disabled
[2018.09.26-18.56.17:675][  0]Cmd: MAP LOAD FILE="../../../../../../Users/Alann/Documents/Unreal Projects/JennyWAPInClassA2/Content/ThirdPersonBP/Maps/ThirdPersonExampleMap.umap" TEMPLATE=0 SHOWPROGRESS=1 FEATURELEVEL=3
[2018.09.26-18.56.17:675][  0]LightingResults: New page: Lighting Build
[2018.09.26-18.56.17:678][  0]MapCheck: New page: Map Check
[2018.09.26-18.56.17:678][  0]LightingResults: New page: Lighting Build
[2018.09.26-18.56.17:826][  0]LogAIModule: Creating AISystem for world ThirdPersonExampleMap
[2018.09.26-18.56.17:833][  0]LogEditorServer: Finished looking for orphan Actors (0.000 secs)
[2018.09.26-18.56.17:853][  0]Cmd: MAP CHECKDEP NOCLEARLOG
[2018.09.26-18.56.17:920][  0]MapCheck: Map check complete: 0 Error(s), 0 Warning(s), took 67.502ms to complete.
[2018.09.26-18.56.17:920][  0]LogFileHelpers: Loading map 'ThirdPersonExampleMap' took 0.245
[2018.09.26-18.56.18:028][  0]LogSlate: Updating window title bar state: overlay mode, drag disabled, window buttons hidden, title bar hidden
[2018.09.26-18.56.18:036][  0]LogSlate: Updating window title bar state: overlay mode, drag disabled, window buttons hidden, title bar hidden
[2018.09.26-18.56.18:043][  0]LogSlate: Updating window title bar state: overlay mode, drag disabled, window buttons hidden, title bar hidden
[2018.09.26-18.56.18:050][  0]LogSlate: Updating window title bar state: overlay mode, drag disabled, window buttons hidden, title bar hidden
[2018.09.26-18.56.18:059][  0]LogCollectionManager: Loaded 0 collections in 0.001973 seconds
[2018.09.26-18.56.18:101][  0]LogFileCache: Scanning file cache for directory 'C:/Users/Alann/Documents/Unreal Projects/JennyWAPInClassA2/Saved/Collections/' took 0.01s
[2018.09.26-18.56.18:101][  0]LogFileCache: Scanning file cache for directory 'C:/Users/Alann/Documents/Unreal Projects/JennyWAPInClassA2/Content/Developers/Aldania/Collections/' took 0.01s
[2018.09.26-18.56.18:102][  0]LogFileCache: Scanning file cache for directory 'C:/Users/Alann/Documents/Unreal Projects/JennyWAPInClassA2/Content/Collections/' took 0.01s
[2018.09.26-18.56.18:102][  0]LogCollectionManager: Rebuilt the GUID cache for 0 collections in 0.000000 seconds
[2018.09.26-18.56.18:111][  0]LogContentBrowser: Native class hierarchy populated in 0.0097 seconds. Added 2572 classes and 603 folders.
[2018.09.26-18.56.18:118][  0]LogContentBrowser: Native class hierarchy updated for 'WidgetCarousel' in 0.0003 seconds. Added 0 classes and 0 folders.
[2018.09.26-18.56.18:332][  0]LogContentBrowser: Native class hierarchy updated for 'AddContentDialog' in 0.0002 seconds. Added 0 classes and 0 folders.
[2018.09.26-18.56.18:352][  0]LogContentBrowser: Native class hierarchy updated for 'SceneOutliner' in 0.0003 seconds. Added 1 classes and 2 folders.
[2018.09.26-18.56.18:376][  0]LogSlate: Took 0.000225 seconds to synchronously load lazily loaded font '../../../Engine/Content/Slate/Fonts/Roboto-Regular.ttf' (155K)
[2018.09.26-18.56.18:379][  0]LogSlate: Took 0.000546 seconds to synchronously load lazily loaded font '../../../Engine/Content/Slate/Fonts/Roboto-Bold.ttf' (160K)
[2018.09.26-18.56.18:387][  0]LogSlate: Took 0.002238 seconds to synchronously load lazily loaded font '../../../Engine/Content/Editor/Slate/Fonts/FontAwesome.ttf' (139K)
[2018.09.26-18.56.18:493][  0]LogRenderer: Reallocating scene render targets to support 1052x560 Format 10 NumSamples 1 (Frame:1).
[2018.09.26-18.56.18:681][  0]LogContentBrowser: Native class hierarchy updated for 'HierarchicalLODOutliner' in 0.0002 seconds. Added 0 classes and 0 folders.
[2018.09.26-18.56.18:681][  0]LogLoad: (Engine Initialization) Total time: 9.50 seconds
[2018.09.26-18.56.18:681][  0]LogLoad: (Engine Initialization) Total Blueprint compile time: 0.00 seconds
[2018.09.26-18.56.18:704][  0]LogWindowsTextInputMethodSystem: Display: IME system now activated using TSF (Microsoft IME).
[2018.09.26-18.56.18:729][  0]LogContentStreaming: Texture pool size now 1000 MB
[2018.09.26-18.56.18:746][  0]LogSlate: Took 0.003553 seconds to synchronously load lazily loaded font '../../../Engine/Content/Slate/Fonts/Roboto-Light.ttf' (167K)
[2018.09.26-18.56.18:859][  1]LogAssetRegistry: Asset discovery search completed in 4.7805 seconds
[2018.09.26-18.56.18:861][  1]LogCollectionManager: Rebuilt the object cache for 0 collections in 0.000000 seconds (found 0 objects)
[2018.09.26-18.56.18:861][  1]LogCollectionManager: Fixed up redirectors for 0 collections in 0.000062 seconds (updated 0 objects)
[2018.09.26-18.56.28:411][564]LogSlate: FSceneViewport::OnFocusLost() reason 2
[2018.09.26-18.56.42:093][ 50]LogSlate: Took 0.000325 seconds to synchronously load lazily loaded font '../../../Engine/Content/Slate/Fonts/Roboto-Light.ttf' (167K)
[2018.09.26-18.56.42:113][ 50]LogFactory: FactoryCreateFile: Texture with ReimportTextureFactory (0 0 ../../../../../../Users/Alann/Desktop/Tileable.png)
[2018.09.26-18.56.42:159][ 50]LogTexture: Display: Building textures: Tileable (AutoDXT, 1024X1024)
[2018.09.26-18.57.00:799][141]LogMaterial: Display: Missing cached shader map for material M_wood, compiling. 
[2018.09.26-18.57.00:855][142]LogShaderCompilers: Display: Shaders left to compile 22
[2018.09.26-18.57.00:855][142]LogShaderCompilers: Display: Shaders left to compile 12
[2018.09.26-18.57.00:855][142]LogShaderCompilers: Display: Shaders left to compile 2
[2018.09.26-18.57.03:067][270]LogAssetEditorManager: Opening Asset editor for Material /Game/Materials/M_wood.M_wood
[2018.09.26-18.57.03:073][270]LogMaterial: Display: Missing cached shader map for material M_wood, compiling. 
[2018.09.26-18.57.03:089][270]LogShaderCompilers: Display: Shaders left to compile 21
[2018.09.26-18.57.03:089][270]LogShaderCompilers: Display: Shaders left to compile 20
[2018.09.26-18.57.03:479][270]LogMaterial: Display: Missing cached shader map for material M_wood, compiling. 
[2018.09.26-18.57.03:494][270]LogShaderCompilers: Display: Shaders left to compile 21
[2018.09.26-18.57.03:498][270]LogMaterial: Display: Missing cached shader map for material M_wood, compiling. 
[2018.09.26-18.57.03:546][270]LogMaterial: Display: Missing cached shader map for material FMatExpressionPreview MaterialExpressionTextureSample_0, compiling. 
[2018.09.26-18.57.03:584][270]LogSlate: Took 0.002500 seconds to synchronously load lazily loaded font '../../../Engine/Content/Slate/Fonts/Roboto-BoldCondensed.ttf' (158K)
[2018.09.26-18.57.03:766][271]LogShaderCompilers: Display: Shaders left to compile 23
[2018.09.26-18.57.03:766][271]LogShaderCompilers: Display: Shaders left to compile 22
[2018.09.26-18.57.04:046][281]LogShaderCompilers: Display: Shaders left to compile 21
[2018.09.26-18.57.04:161][286]LogShaderCompilers: Display: Shaders left to compile 20
[2018.09.26-18.57.04:162][286]LogShaderCompilers: Display: Shaders left to compile 19
[2018.09.26-18.57.04:435][297]LogShaderCompilers: Display: Shaders left to compile 18
[2018.09.26-18.57.04:477][299]LogShaderCompilers: Display: Shaders left to compile 17
[2018.09.26-18.57.04:545][302]LogShaderCompilers: Display: Shaders left to compile 16
[2018.09.26-18.57.04:779][313]LogShaderCompilers: Display: Shaders left to compile 15
[2018.09.26-18.57.04:908][319]LogShaderCompilers: Display: Shaders left to compile 14
[2018.09.26-18.57.04:908][319]LogShaderCompilers: Display: Shaders left to compile 13
[2018.09.26-18.57.05:104][329]LogShaderCompilers: Display: Shaders left to compile 12
[2018.09.26-18.57.05:631][355]LogShaderCompilers: Display: Shaders left to compile 11
[2018.09.26-18.57.06:015][374]LogShaderCompilers: Display: Shaders left to compile 10
[2018.09.26-18.57.06:095][378]LogShaderCompilers: Display: Shaders left to compile 9
[2018.09.26-18.57.06:518][400]LogShaderCompilers: Display: Shaders left to compile 8
[2018.09.26-18.57.06:720][410]LogShaderCompilers: Display: Shaders left to compile 7
[2018.09.26-18.57.07:059][427]LogShaderCompilers: Display: Shaders left to compile 6
[2018.09.26-18.57.07:112][429]LogShaderCompilers: Display: Shaders left to compile 5
[2018.09.26-18.57.07:495][448]LogShaderCompilers: Display: Shaders left to compile 4
[2018.09.26-18.57.07:573][452]LogShaderCompilers: Display: Shaders left to compile 3
[2018.09.26-18.57.07:806][464]LogShaderCompilers: Display: Shaders left to compile 2
[2018.09.26-18.57.07:992][473]LogShaderCompilers: Display: Shaders left to compile 1
[2018.09.26-18.57.08:336][491]MaterialEditorStats: Base pass shader: 102 instructions
[2018.09.26-18.57.08:336][491]MaterialEditorStats: Base pass shader with Volumetric Lightmap: 175 instructions
[2018.09.26-18.57.08:336][491]MaterialEditorStats: Base pass vertex shader: 36 instructions
[2018.09.26-18.57.08:336][491]MaterialEditorStats: Texture samplers: 4/16
[2018.09.26-18.57.08:336][491]MaterialEditorStats: Texture Lookups (Est.): VS(0), PS(1)
[2018.09.26-18.57.08:336][491]MaterialEditorStats: User interpolators: 2/4 Scalars (1/4 Vectors) (TexCoords: 2, Custom: 0)
[2018.09.26-19.01.31:528][780]LogSlate: FSceneViewport::OnFocusLost() reason 0
[2018.09.26-19.01.48:524][857]LogFactory: FactoryCreateFile: Texture with ReimportTextureFactory (0 0 ../../../../../../Users/Alann/Downloads/NormalMap.png)
[2018.09.26-19.01.48:566][857]LogTexture: Display: Building textures: NormalMap (AutoDXT, 1024X1024)
[2018.09.26-19.01.51:673][996]LogMaterial: Display: Missing cached shader map for material M_wood, compiling. 
[2018.09.26-19.01.51:689][996]LogMaterial: Display: Missing cached shader map for material FMatExpressionPreview MaterialExpressionTextureSample_1, compiling. 
[2018.09.26-19.01.51:696][996]LogShaderCompilers: Display: Shaders left to compile 21
[2018.09.26-19.01.51:696][996]LogShaderCompilers: Display: Shaders left to compile 20
[2018.09.26-19.01.51:696][996]LogShaderCompilers: Display: Shaders left to compile 19
[2018.09.26-19.01.51:696][996]LogShaderCompilers: Display: Shaders left to compile 18
[2018.09.26-19.01.51:722][996]LogMaterial: Display: Missing cached shader map for material FMatExpressionPreview MaterialExpressionTextureSample_0, compiling. 
[2018.09.26-19.01.51:729][996]LogMaterial: Display: Missing cached shader map for material FMatExpressionPreview MaterialExpressionTextureSample_1, compiling. 
[2018.09.26-19.01.52:442][ 28]LogShaderCompilers: Display: Shaders left to compile 21
[2018.09.26-19.01.52:524][ 32]LogShaderCompilers: Display: Shaders left to compile 20
[2018.09.26-19.01.52:524][ 32]LogShaderCompilers: Display: Shaders left to compile 19
[2018.09.26-19.01.52:524][ 32]LogShaderCompilers: Display: Shaders left to compile 18
[2018.09.26-19.01.52:747][ 43]LogShaderCompilers: Display: Shaders left to compile 17
[2018.09.26-19.01.52:833][ 47]LogShaderCompilers: Display: Shaders left to compile 16
[2018.09.26-19.01.52:870][ 49]LogShaderCompilers: Display: Shaders left to compile 15
[2018.09.26-19.01.52:892][ 50]LogShaderCompilers: Display: Shaders left to compile 14
[2018.09.26-19.01.53:014][ 56]LogShaderCompilers: Display: Shaders left to compile 13
[2018.09.26-19.01.53:306][ 69]LogShaderCompilers: Display: Shaders left to compile 12
[2018.09.26-19.01.53:544][ 80]LogShaderCompilers: Display: Shaders left to compile 11
[2018.09.26-19.01.53:668][ 86]LogShaderCompilers: Display: Shaders left to compile 10
[2018.09.26-19.01.53:741][ 90]LogShaderCompilers: Display: Shaders left to compile 9
[2018.09.26-19.01.53:978][102]LogShaderCompilers: Display: Shaders left to compile 8
[2018.09.26-19.01.54:042][105]LogShaderCompilers: Display: Shaders left to compile 7
[2018.09.26-19.01.54:350][116]LogShaderCompilers: Display: Shaders left to compile 6
[2018.09.26-19.01.54:439][120]LogShaderCompilers: Display: Shaders left to compile 5
[2018.09.26-19.01.54:534][124]LogShaderCompilers: Display: Shaders left to compile 4
[2018.09.26-19.01.54:648][129]LogShaderCompilers: Display: Shaders left to compile 3
[2018.09.26-19.01.54:836][137]LogShaderCompilers: Display: Shaders left to compile 2
[2018.09.26-19.01.55:056][146]LogShaderCompilers: Display: Shaders left to compile 1
[2018.09.26-19.01.55:085][147]MaterialEditorStats: Base pass shader: 102 instructions
[2018.09.26-19.01.55:085][147]MaterialEditorStats: Base pass shader with Volumetric Lightmap: 175 instructions
[2018.09.26-19.01.55:085][147]MaterialEditorStats: Base pass vertex shader: 36 instructions
[2018.09.26-19.01.55:085][147]MaterialEditorStats: Texture samplers: 4/16
[2018.09.26-19.01.55:085][147]MaterialEditorStats: Texture Lookups (Est.): VS(0), PS(1)
[2018.09.26-19.01.55:085][147]MaterialEditorStats: User interpolators: 2/4 Scalars (1/4 Vectors) (TexCoords: 2, Custom: 0)
[2018.09.26-19.01.56:071][203]LogMaterial: Display: Missing cached shader map for material M_wood, compiling. 
[2018.09.26-19.01.56:093][204]LogShaderCompilers: Display: Shaders left to compile 21
[2018.09.26-19.01.56:093][204]LogShaderCompilers: Display: Shaders left to compile 20
[2018.09.26-19.01.56:093][204]LogShaderCompilers: Display: Shaders left to compile 19
[2018.09.26-19.01.56:093][204]LogShaderCompilers: Display: Shaders left to compile 18
[2018.09.26-19.01.56:453][221]LogShaderCompilers: Display: Shaders left to compile 17
[2018.09.26-19.01.56:496][223]LogShaderCompilers: Display: Shaders left to compile 16
[2018.09.26-19.01.56:517][224]LogShaderCompilers: Display: Shaders left to compile 15
[2018.09.26-19.01.56:517][224]LogShaderCompilers: Display: Shaders left to compile 14
[2018.09.26-19.01.56:774][237]LogShaderCompilers: Display: Shaders left to compile 13
[2018.09.26-19.01.56:793][238]LogShaderCompilers: Display: Shaders left to compile 12
[2018.09.26-19.01.56:828][240]LogShaderCompilers: Display: Shaders left to compile 11
[2018.09.26-19.01.56:869][242]LogShaderCompilers: Display: Shaders left to compile 10
[2018.09.26-19.01.57:034][251]LogShaderCompilers: Display: Shaders left to compile 9
[2018.09.26-19.01.57:304][261]LogShaderCompilers: Display: Shaders left to compile 8
[2018.09.26-19.01.57:513][270]LogShaderCompilers: Display: Shaders left to compile 7
[2018.09.26-19.01.57:618][274]LogShaderCompilers: Display: Shaders left to compile 6
[2018.09.26-19.01.57:724][275]LogShaderCompilers: Display: Shaders left to compile 5
[2018.09.26-19.01.57:862][278]LogShaderCompilers: Display: Shaders left to compile 4
[2018.09.26-19.01.57:904][281]LogShaderCompilers: Display: Shaders left to compile 3
[2018.09.26-19.01.58:151][295]LogSlate: Window 'M_wood*' being destroyed
[2018.09.26-19.01.58:195][298]LogShaderCompilers: Display: Shaders left to compile 2
[2018.09.26-19.01.58:195][298]LogShaderCompilers: Display: Shaders left to compile 1
[2018.09.26-19.01.58:655][325]MaterialEditorStats: Base pass shader: 102 instructions
[2018.09.26-19.01.58:655][325]MaterialEditorStats: Base pass shader with Volumetric Lightmap: 175 instructions
[2018.09.26-19.01.58:655][325]MaterialEditorStats: Base pass vertex shader: 36 instructions
[2018.09.26-19.01.58:655][325]MaterialEditorStats: Texture samplers: 4/16
[2018.09.26-19.01.58:655][325]MaterialEditorStats: Texture Lookups (Est.): VS(0), PS(1)
[2018.09.26-19.01.58:655][325]MaterialEditorStats: User interpolators: 2/4 Scalars (1/4 Vectors) (TexCoords: 2, Custom: 0)
[2018.09.26-19.02.03:081][590]LogSlate: FSceneViewport::OnFocusLost() reason 0
[2018.09.26-19.02.03:168][595]LogMaterial: Display: Missing cached shader map for material M_wood, compiling. 
[2018.09.26-19.02.03:197][597]LogShaderCompilers: Display: Shaders left to compile 21
[2018.09.26-19.02.03:197][597]LogShaderCompilers: Display: Shaders left to compile 20
[2018.09.26-19.02.03:197][597]LogShaderCompilers: Display: Shaders left to compile 19
[2018.09.26-19.02.03:197][597]LogShaderCompilers: Display: Shaders left to compile 18
[2018.09.26-19.02.03:481][614]LogShaderCompilers: Display: Shaders left to compile 17
[2018.09.26-19.02.03:515][616]LogShaderCompilers: Display: Shaders left to compile 16
[2018.09.26-19.02.03:544][618]LogShaderCompilers: Display: Shaders left to compile 15
[2018.09.26-19.02.03:544][618]LogShaderCompilers: Display: Shaders left to compile 14
[2018.09.26-19.02.03:734][629]LogShaderCompilers: Display: Shaders left to compile 13
[2018.09.26-19.02.03:750][630]LogShaderCompilers: Display: Shaders left to compile 12
[2018.09.26-19.02.03:780][632]LogShaderCompilers: Display: Shaders left to compile 11
[2018.09.26-19.02.03:814][634]LogShaderCompilers: Display: Shaders left to compile 10
[2018.09.26-19.02.03:928][641]LogShaderCompilers: Display: Shaders left to compile 9
[2018.09.26-19.02.04:151][654]LogShaderCompilers: Display: Shaders left to compile 8
[2018.09.26-19.02.04:333][665]LogShaderCompilers: Display: Shaders left to compile 7
[2018.09.26-19.02.04:381][668]LogShaderCompilers: Display: Shaders left to compile 6
[2018.09.26-19.02.04:485][674]LogShaderCompilers: Display: Shaders left to compile 5
[2018.09.26-19.02.04:649][684]LogShaderCompilers: Display: Shaders left to compile 4
[2018.09.26-19.02.04:701][687]LogShaderCompilers: Display: Shaders left to compile 3
[2018.09.26-19.02.05:004][705]LogShaderCompilers: Display: Shaders left to compile 2
[2018.09.26-19.02.05:004][705]LogShaderCompilers: Display: Shaders left to compile 1
[2018.09.26-19.02.05:427][730]MaterialEditorStats: Base pass shader: 102 instructions
[2018.09.26-19.02.05:427][730]MaterialEditorStats: Base pass shader with Volumetric Lightmap: 175 instructions
[2018.09.26-19.02.05:427][730]MaterialEditorStats: Base pass vertex shader: 36 instructions
[2018.09.26-19.02.05:427][730]MaterialEditorStats: Texture samplers: 4/16
[2018.09.26-19.02.05:427][730]MaterialEditorStats: Texture Lookups (Est.): VS(0), PS(1)
[2018.09.26-19.02.05:427][730]MaterialEditorStats: User interpolators: 2/4 Scalars (1/4 Vectors) (TexCoords: 2, Custom: 0)
[2018.09.26-19.02.16:778][410]LogSlate: FSceneViewport::OnFocusLost() reason 0
[2018.09.26-19.02.19:512][573]LogMaterial: Display: Missing cached shader map for material M_wood, compiling. 
[2018.09.26-19.02.19:529][573]LogShaderCompilers: Display: Shaders left to compile 21
[2018.09.26-19.02.19:529][573]LogShaderCompilers: Display: Shaders left to compile 20
[2018.09.26-19.02.19:529][573]LogShaderCompilers: Display: Shaders left to compile 19
[2018.09.26-19.02.19:529][573]LogShaderCompilers: Display: Shaders left to compile 18
[2018.09.26-19.02.19:533][573]LogMaterial: Display: Missing cached shader map for material FMatExpressionPreview MaterialExpressionTextureSample_1, compiling. 
[2018.09.26-19.02.19:793][587]LogShaderCompilers: Display: Shaders left to compile 19
[2018.09.26-19.02.19:871][592]LogShaderCompilers: Display: Shaders left to compile 18
[2018.09.26-19.02.19:871][592]LogShaderCompilers: Display: Shaders left to compile 17
[2018.09.26-19.02.19:887][593]LogShaderCompilers: Display: Shaders left to compile 16
[2018.09.26-19.02.20:030][601]LogShaderCompilers: Display: Shaders left to compile 15
[2018.09.26-19.02.20:111][606]LogShaderCompilers: Display: Shaders left to compile 14
[2018.09.26-19.02.20:144][608]LogShaderCompilers: Display: Shaders left to compile 13
[2018.09.26-19.02.20:144][608]LogShaderCompilers: Display: Shaders left to compile 12
[2018.09.26-19.02.20:247][614]LogShaderCompilers: Display: Shaders left to compile 11
[2018.09.26-19.02.20:505][629]LogShaderCompilers: Display: Shaders left to compile 10
[2018.09.26-19.02.20:749][644]LogShaderCompilers: Display: Shaders left to compile 9
[2018.09.26-19.02.20:799][647]LogShaderCompilers: Display: Shaders left to compile 8
[2018.09.26-19.02.20:863][651]LogShaderCompilers: Display: Shaders left to compile 7
[2018.09.26-19.02.21:088][664]LogShaderCompilers: Display: Shaders left to compile 6
[2018.09.26-19.02.21:101][665]LogShaderCompilers: Display: Shaders left to compile 5
[2018.09.26-19.02.21:436][685]LogShaderCompilers: Display: Shaders left to compile 4
[2018.09.26-19.02.21:454][686]LogShaderCompilers: Display: Shaders left to compile 3
[2018.09.26-19.02.21:548][692]LogShaderCompilers: Display: Shaders left to compile 2
[2018.09.26-19.02.21:617][696]LogShaderCompilers: Display: Shaders left to compile 1
[2018.09.26-19.02.21:977][717]MaterialEditorStats: Base pass shader: 103 instructions
[2018.09.26-19.02.21:977][717]MaterialEditorStats: Base pass shader with Volumetric Lightmap: 176 instructions
[2018.09.26-19.02.21:977][717]MaterialEditorStats: Base pass vertex shader: 36 instructions
[2018.09.26-19.02.21:977][717]MaterialEditorStats: Texture samplers: 5/16
[2018.09.26-19.02.21:977][717]MaterialEditorStats: Texture Lookups (Est.): VS(0), PS(2)
[2018.09.26-19.02.21:977][717]MaterialEditorStats: User interpolators: 2/4 Scalars (1/4 Vectors) (TexCoords: 2, Custom: 0)
[2018.09.26-19.02.38:561][710]LogSlate: FSceneViewport::OnFocusLost() reason 0
[2018.09.26-19.49.45:666][915]LogD3D11RHI: Timed out while waiting for GPU to catch up. (500 ms)
[2018.09.26-19.49.56:064][945]LogFileHelpers: Editor autosave (incl. sublevels) for '/Game/ThirdPersonBP/Maps/ThirdPersonExampleMap' took 0.060
[2018.09.26-19.49.56:072][945]OBJ SavePackage: Generating thumbnails for [1] asset(s) in package [/Game/Materials/Tileable] ([1] browsable assets)...
[2018.09.26-19.49.56:098][945]OBJ SavePackage:     Rendered thumbnail for [Texture2D /Game/Materials/Tileable.Tileable]
[2018.09.26-19.49.56:098][945]OBJ SavePackage: Finished generating thumbnails for package [/Game/Materials/Tileable]
[2018.09.26-19.49.56:143][945]LogSavePackage: Moving '../../../../../../Users/Alann/Documents/Unreal Projects/JennyWAPInClassA2/Saved/Tileable_Auto1D78FCEFA489F1A598EDD08BC8608C383.tmp' to '../../../../../../Users/Alann/Documents/Unreal Projects/JennyWAPInClassA2/Saved/Autosaves/Game/Materials/Tileable_Auto1.uasset'
[2018.09.26-19.49.56:148][945]OBJ SavePackage: Generating thumbnails for [1] asset(s) in package [/Game/Materials/M_wood] ([1] browsable assets)...
[2018.09.26-19.49.56:186][945]OBJ SavePackage:     Rendered thumbnail for [Material /Game/Materials/M_wood.M_wood]
[2018.09.26-19.49.56:186][945]OBJ SavePackage: Finished generating thumbnails for package [/Game/Materials/M_wood]
[2018.09.26-19.49.56:217][945]LogSavePackage: Moving '../../../../../../Users/Alann/Documents/Unreal Projects/JennyWAPInClassA2/Saved/M_wood_Auto1AE61ECFA4C31A5BC48529785DF3ED0A6.tmp' to '../../../../../../Users/Alann/Documents/Unreal Projects/JennyWAPInClassA2/Saved/Autosaves/Game/Materials/M_wood_Auto1.uasset'
[2018.09.26-19.49.56:221][945]OBJ SavePackage: Generating thumbnails for [1] asset(s) in package [/Game/Materials/NormalMap] ([1] browsable assets)...
[2018.09.26-19.49.56:241][945]OBJ SavePackage:     Rendered thumbnail for [Texture2D /Game/Materials/NormalMap.NormalMap]
[2018.09.26-19.49.56:241][945]OBJ SavePackage: Finished generating thumbnails for package [/Game/Materials/NormalMap]
[2018.09.26-19.49.56:285][945]LogSavePackage: Moving '../../../../../../Users/Alann/Documents/Unreal Projects/JennyWAPInClassA2/Saved/NormalMap_Auto1683F53AE4636A99E6E395C8E2273F24A.tmp' to '../../../../../../Users/Alann/Documents/Unreal Projects/JennyWAPInClassA2/Saved/Autosaves/Game/Materials/NormalMap_Auto1.uasset'
[2018.09.26-19.49.56:288][945]LogFileHelpers: Auto-saving content packages took 0.221
[2018.09.26-19.50.17:021][  8]LogHttp: Warning: 0000017C8B0D4E00: request failed, libcurl error: 6 (Couldn't resolve host name)
[2018.09.26-19.50.17:021][  8]LogHttp: Warning: 0000017C8B0D4E00: libcurl info message cache 0 (Found bundle for host datarouter.ol.epicgames.com: 0x17c39503fa0 [can pipeline])
[2018.09.26-19.50.17:021][  8]LogHttp: Warning: 0000017C8B0D4E00: libcurl info message cache 1 (Re-using existing connection! (#2) with host datarouter.ol.epicgames.com)
[2018.09.26-19.50.17:021][  8]LogHttp: Warning: 0000017C8B0D4E00: libcurl info message cache 2 (Connected to datarouter.ol.epicgames.com (34.233.8.184) port 443 (#2))
[2018.09.26-19.50.17:021][  8]LogHttp: Warning: 0000017C8B0D4E00: libcurl info message cache 3 (OpenSSL SSL_read: SSL_ERROR_SYSCALL, errno 10054)
[2018.09.26-19.50.17:021][  8]LogHttp: Warning: 0000017C8B0D4E00: libcurl info message cache 4 (Connection died, retrying a fresh connect)
[2018.09.26-19.50.17:021][  8]LogHttp: Warning: 0000017C8B0D4E00: libcurl info message cache 5 (Closing connection 2)
[2018.09.26-19.50.17:021][  8]LogHttp: Warning: 0000017C8B0D4E00: libcurl info message cache 6 (Issue another request to this URL: 'https://datarouter.ol.epicgames.com/datarouter/api/v1/public/data?SessionID=%7B91EA09B2-451B-324C-AEB2-F792CB0DEFC4%7D&AppID=UEEditor.Rocket.Release&AppVersion=4.20.2-4302132%2B%2B%2BUE4%2BRelease-4.20&UserID=edbe6caf4b68131660ea2fbda8004c08%7Cf987db4c537846cda6aea81b7c6bb945%7Cc2c9b893-6a27-4508-b5c4-5ed46d8db6a5&AppEnvironment=datacollector-binary&UploadType=eteventstream')
[2018.09.26-19.50.17:021][  8]LogHttp: Warning: 0000017C8B0D4E00: libcurl info message cache 7 (Could not resolve host: datarouter.ol.epicgames.com)
[2018.09.26-19.50.17:021][  8]LogHttp: Warning: 0000017C8B0D4E00: libcurl info message cache 8 (Closing connection 3)
[2018.09.26-19.50.38:163][ 70]LogWindowsTextInputMethodSystem: Display: IME system now deactivated.
[2018.09.26-19.50.38:163][ 70]LogWindowsTextInputMethodSystem: Display: IME system now deactivated.
[2018.09.26-19.52.17:590][533]LogHttp: Warning: 0000017C003E79C0: request failed, libcurl error: 6 (Couldn't resolve host name)
[2018.09.26-19.52.17:590][533]LogHttp: Warning: 0000017C003E79C0: libcurl info message cache 0 (Could not resolve host: datarouter.ol.epicgames.com)
[2018.09.26-19.52.17:590][533]LogHttp: Warning: 0000017C003E79C0: libcurl info message cache 1 (Closing connection 4)
[2018.09.26-19.52.23:821][672]LogMaterialEditor: Saving and Compiling material M_wood
[2018.09.26-19.52.25:284][672]LogMaterial: Display: Missing cached shader map for material M_wood, compiling. 
[2018.09.26-19.52.25:388][672]LogShaderCompilers: Display: Shaders left to compile 21
[2018.09.26-19.52.25:389][672]LogShaderCompilers: Display: Shaders left to compile 20
[2018.09.26-19.52.25:389][672]LogShaderCompilers: Display: Shaders left to compile 19
[2018.09.26-19.52.25:389][672]LogShaderCompilers: Display: Shaders left to compile 18
[2018.09.26-19.52.25:427][672]LogMaterial: Display: Missing cached shader map for material M_wood, compiling. 
[2018.09.26-19.52.25:476][672]LogMaterial: Display: Missing cached shader map for material M_wood, compiling. 
[2018.09.26-19.52.25:599][672]LogMaterial: Display: Missing cached shader map for material FDebugViewModeMaterialProxy M_wood, compiling. 
[2018.09.26-19.52.29:795][672]LogShaderCompilers: Display: Shaders left to compile 40
[2018.09.26-19.52.29:795][672]LogShaderCompilers: Display: Shaders left to compile 39
[2018.09.26-19.52.29:795][672]LogShaderCompilers: Display: Shaders left to compile 38
[2018.09.26-19.52.29:796][672]LogShaderCompilers: Display: Shaders left to compile 37
[2018.09.26-19.52.29:796][672]LogShaderCompilers: Display: Shaders left to compile 36
[2018.09.26-19.52.29:796][672]LogShaderCompilers: Display: Shaders left to compile 35
[2018.09.26-19.52.29:796][672]LogShaderCompilers: Display: Shaders left to compile 34
[2018.09.26-19.52.29:796][672]LogShaderCompilers: Display: Shaders left to compile 33
[2018.09.26-19.52.29:796][672]LogShaderCompilers: Display: Shaders left to compile 32
[2018.09.26-19.52.29:796][672]LogShaderCompilers: Display: Shaders left to compile 31
[2018.09.26-19.52.29:796][672]LogShaderCompilers: Display: Shaders left to compile 30
[2018.09.26-19.52.29:796][672]LogShaderCompilers: Display: Shaders left to compile 29
[2018.09.26-19.52.29:796][672]LogShaderCompilers: Display: Shaders left to compile 28
[2018.09.26-19.52.29:796][672]LogShaderCompilers: Display: Shaders left to compile 27
[2018.09.26-19.52.29:796][672]LogShaderCompilers: Display: Shaders left to compile 26
[2018.09.26-19.52.29:796][672]LogShaderCompilers: Display: Shaders left to compile 25
[2018.09.26-19.52.29:796][672]LogShaderCompilers: Display: Shaders left to compile 24
[2018.09.26-19.52.29:796][672]LogShaderCompilers: Display: Shaders left to compile 23
[2018.09.26-19.52.29:796][672]LogShaderCompilers: Display: Shaders left to compile 22
[2018.09.26-19.52.29:796][672]LogShaderCompilers: Display: Shaders left to compile 12
[2018.09.26-19.52.29:796][672]LogShaderCompilers: Display: Shaders left to compile 2
[2018.09.26-19.52.29:801][672]TextureStreamingBuild: Display: Compiling optional shaders took 4.222 seconds.
[2018.09.26-19.52.35:289][672]LogTextFormatter: Warning: Failed to parse argument "ExistingAsset" as a number (using "0" as a fallback). Please check your format string for errors: "{ExistingAsset} already exists. Do you want to replace it?".
[2018.09.26-19.52.36:677][672]LogSlate: Window 'Message' being destroyed
[2018.09.26-19.52.36:688][672]LogSlate: Window 'Save Asset As' being destroyed
[2018.09.26-19.52.36:829][672]Cmd: OBJ SAVEPACKAGE PACKAGE="/Game/Materials/M_wood" FILE="../../../../../../Users/Alann/Documents/Unreal Projects/JennyWAPInClassA2/Content/Materials/M_wood.uasset" SILENT=true
[2018.09.26-19.52.36:868][672]LogSavePackage: Moving '../../../../../../Users/Alann/Documents/Unreal Projects/JennyWAPInClassA2/Saved/M_wood389CBD5141C083BEF132C69071BC728D.tmp' to '../../../../../../Users/Alann/Documents/Unreal Projects/JennyWAPInClassA2/Content/Materials/M_wood.uasset'
[2018.09.26-19.52.36:903][672]LogAssetEditorManager: Opening Asset editor for Material /Game/Materials/M_wood.M_wood
[2018.09.26-19.52.36:910][672]LogMaterial: Display: Missing cached shader map for material PreviewMaterial_0, compiling. 
[2018.09.26-19.52.37:091][672]LogMaterial: Display: Missing cached shader map for material PreviewMaterial_0, compiling. 
[2018.09.26-19.52.37:127][672]LogMaterial: Display: Missing cached shader map for material PreviewMaterial_0, compiling. 
[2018.09.26-19.52.37:163][672]LogShaderCompilers: Display: Shaders left to compile 21
[2018.09.26-19.52.37:163][672]LogShaderCompilers: Display: Shaders left to compile 20
[2018.09.26-19.52.37:163][672]LogShaderCompilers: Display: Shaders left to compile 19
[2018.09.26-19.52.37:163][672]LogShaderCompilers: Display: Shaders left to compile 18
[2018.09.26-19.52.37:196][672]LogMaterial: Display: Missing cached shader map for material FMatExpressionPreview MaterialExpressionTextureSample_0, compiling. 
[2018.09.26-19.52.37:212][672]LogMaterial: Display: Missing cached shader map for material FMatExpressionPreview MaterialExpressionTextureSample_1, compiling. 
[2018.09.26-19.52.37:697][673]LogShaderCompilers: Display: Shaders left to compile 21
[2018.09.26-19.52.37:782][675]LogShaderCompilers: Display: Shaders left to compile 20
[2018.09.26-19.52.37:810][676]LogShaderCompilers: Display: Shaders left to compile 19
[2018.09.26-19.52.37:822][676]LogShaderCompilers: Display: Shaders left to compile 18
[2018.09.26-19.52.38:209][683]LogShaderCompilers: Display: Shaders left to compile 17
[2018.09.26-19.52.38:279][685]LogShaderCompilers: Display: Shaders left to compile 16
[2018.09.26-19.52.38:325][686]LogShaderCompilers: Display: Shaders left to compile 15
[2018.09.26-19.52.38:368][687]LogShaderCompilers: Display: Shaders left to compile 14
[2018.09.26-19.52.38:819][699]LogShaderCompilers: Display: Shaders left to compile 13
[2018.09.26-19.52.39:190][708]LogShaderCompilers: Display: Shaders left to compile 12
[2018.09.26-19.52.39:650][721]LogShaderCompilers: Display: Shaders left to compile 11
[2018.09.26-19.52.39:909][727]LogShaderCompilers: Display: Shaders left to compile 10
[2018.09.26-19.52.40:244][735]LogShaderCompilers: Display: Shaders left to compile 9
[2018.09.26-19.52.40:496][740]LogShaderCompilers: Display: Shaders left to compile 8
[2018.09.26-19.52.40:638][743]LogShaderCompilers: Display: Shaders left to compile 7
[2018.09.26-19.52.41:291][756]LogShaderCompilers: Display: Shaders left to compile 6
[2018.09.26-19.52.41:303][756]LogShaderCompilers: Display: Shaders left to compile 5
[2018.09.26-19.52.41:688][764]LogShaderCompilers: Display: Shaders left to compile 4
[2018.09.26-19.52.41:788][766]LogShaderCompilers: Display: Shaders left to compile 3
[2018.09.26-19.52.42:050][771]LogShaderCompilers: Display: Shaders left to compile 2
[2018.09.26-19.52.42:492][780]LogShaderCompilers: Display: Shaders left to compile 1
[2018.09.26-19.52.42:532][780]MaterialEditorStats: Base pass shader: 103 instructions
[2018.09.26-19.52.42:532][780]MaterialEditorStats: Base pass shader with Volumetric Lightmap: 176 instructions
[2018.09.26-19.52.42:532][780]MaterialEditorStats: Base pass vertex shader: 36 instructions
[2018.09.26-19.52.42:532][780]MaterialEditorStats: Texture samplers: 5/16
[2018.09.26-19.52.42:532][780]MaterialEditorStats: Texture Lookups (Est.): VS(0), PS(2)
[2018.09.26-19.52.42:532][780]MaterialEditorStats: User interpolators: 2/4 Scalars (1/4 Vectors) (TexCoords: 2, Custom: 0)
[2018.09.26-19.52.47:899][925]LogSlate: FSceneViewport::OnFocusLost() reason 0
[2018.09.26-19.52.47:965][927]LogSlate: Window 'M_wood' being destroyed
[2018.09.26-19.52.48:005][927]LogSlate: Window 'M_wood' being destroyed
[2018.09.26-19.52.56:092][154]Cmd: CAMERA ALIGN ACTIVEVIEWPORTONLY
[2018.09.26-19.52.57:092][184]LogEditorViewport: Clicking Background
[2018.09.26-19.53.06:595][469]Cmd: TRANSACTION UNDO
[2018.09.26-19.53.06:595][469]LogEditorTransaction: Undo Clicking Background
[2018.09.26-19.53.07:387][486]Cmd: TRANSACTION UNDO
[2018.09.26-19.53.07:387][486]LogEditorTransaction: Undo Select Brush Surface
[2018.09.26-19.53.08:378][515]Cmd: TRANSACTION UNDO
[2018.09.26-19.53.08:378][515]LogEditorTransaction: Undo Create Actors
[2018.09.26-19.53.09:771][553]LogSlate: FSceneViewport::OnFocusLost() reason 0
[2018.09.26-19.53.17:349][556]LogSlate: Window 'Save Content' being destroyed
[2018.09.26-19.53.17:400][556]Cmd: OBJ SAVEPACKAGE PACKAGE="/Game/Materials/NormalMap" FILE="../../../../../../Users/Alann/Documents/Unreal Projects/JennyWAPInClassA2/Content/Materials/NormalMap.uasset" SILENT=true
[2018.09.26-19.53.18:024][556]LogSavePackage: Moving '../../../../../../Users/Alann/Documents/Unreal Projects/JennyWAPInClassA2/Saved/NormalMapDBBCF4D546376B70C85DE2BD5F041F02.tmp' to '../../../../../../Users/Alann/Documents/Unreal Projects/JennyWAPInClassA2/Content/Materials/NormalMap.uasset'
[2018.09.26-19.53.18:040][556]Cmd: OBJ SAVEPACKAGE PACKAGE="/Game/Materials/Tileable" FILE="../../../../../../Users/Alann/Documents/Unreal Projects/JennyWAPInClassA2/Content/Materials/Tileable.uasset" SILENT=true
[2018.09.26-19.53.18:310][556]LogSavePackage: Moving '../../../../../../Users/Alann/Documents/Unreal Projects/JennyWAPInClassA2/Saved/Tileable409209B542E28B9A73C1F09AC642F3E3.tmp' to '../../../../../../Users/Alann/Documents/Unreal Projects/JennyWAPInClassA2/Content/Materials/Tileable.uasset'
[2018.09.26-19.53.18:428][556]LogSlate: Window 'JennyWAPInClassA3 - Unreal Editor' being destroyed
[2018.09.26-19.53.18:698][557]Cmd: QUIT_EDITOR
[2018.09.26-19.53.18:764][557]LogWindowsTextInputMethodSystem: Display: IME system now deactivated.
[2018.09.26-19.53.18:788][557]LogExit: Preparing to exit.
[2018.09.26-19.53.19:714][557]LogExit: Editor shut down
[2018.09.26-19.53.19:715][557]LogExit: Transaction tracking system shut down
[2018.09.26-19.53.20:357][557]LogExit: Object subsystem successfully closed.
[2018.09.26-19.53.20:405][557]LogShaderCompilers: Display: Shaders left to compile 0
[2018.09.26-19.53.20:407][557]LogD3D11RHI: Shutdown
[2018.09.26-19.53.20:407][557]LogD3D11RHI: CleanupD3DDevice
[2018.09.26-19.53.20:413][557]LogD3D11RHI: ~FD3D11DynamicRHI
[2018.09.26-19.53.20:500][557]LogModuleManager: Shutting down and abandoning module HierarchicalLODOutliner (610)
[2018.09.26-19.53.20:500][557]LogModuleManager: Shutting down and abandoning module SceneOutliner (608)
[2018.09.26-19.53.20:500][557]LogModuleManager: Shutting down and abandoning module AddContentDialog (606)
[2018.09.26-19.53.20:502][557]LogModuleManager: Shutting down and abandoning module WidgetCarousel (605)
[2018.09.26-19.53.20:502][557]LogModuleManager: Shutting down and abandoning module EditorWidgets (602)
[2018.09.26-19.53.20:502][557]LogModuleManager: Shutting down and abandoning module CollectionManager (600)
[2018.09.26-19.53.20:503][557]LogModuleManager: Shutting down and abandoning module StatsViewer (598)
[2018.09.26-19.53.20:503][557]LogModuleManager: Shutting down and abandoning module FoliageEdit (596)
[2018.09.26-19.53.20:504][557]LogModuleManager: Shutting down and abandoning module LandscapeEditor (594)
[2018.09.26-19.53.20:505][557]LogModuleManager: Shutting down and abandoning module MeshPaintMode (592)
[2018.09.26-19.53.20:506][557]LogModuleManager: Shutting down and abandoning module SceneDepthPickerMode (590)
[2018.09.26-19.53.20:506][557]LogModuleManager: Shutting down and abandoning module ActorPickerMode (588)
[2018.09.26-19.53.20:506][557]LogModuleManager: Shutting down and abandoning module GeometryMode (586)
[2018.09.26-19.53.20:506][557]LogModuleManager: Shutting down and abandoning module TextureAlignMode (584)
[2018.09.26-19.53.20:506][557]LogModuleManager: Shutting down and abandoning module BspMode (582)
[2018.09.26-19.53.20:506][557]LogModuleManager: Shutting down and abandoning module PIEPreviewDeviceProfileSelector (580)
[2018.09.26-19.53.20:506][557]LogModuleManager: Shutting down and abandoning module SequenceRecorderSections (578)
[2018.09.26-19.53.20:507][557]LogModuleManager: Shutting down and abandoning module AutomationWorker (576)
[2018.09.26-19.53.20:507][557]LogModuleManager: Shutting down and abandoning module AudioCaptureEditor (574)
[2018.09.26-19.53.20:507][557]LogModuleManager: Shutting down and abandoning module SequenceRecorder (573)
[2018.09.26-19.53.20:507][557]LogModuleManager: Shutting down and abandoning module MatineeToLevelSequence (570)
[2018.09.26-19.53.20:508][557]LogModuleManager: Shutting down and abandoning module LevelSequenceEditor (568)
[2018.09.26-19.53.20:510][557]LogModuleManager: Shutting down and abandoning module PlacementMode (567)
[2018.09.26-19.53.20:510][557]LogModuleManager: Shutting down and abandoning module MaterialEditor (566)
[2018.09.26-19.53.20:510][557]LogModuleManager: Shutting down and abandoning module WmfMediaFactory (562)
[2018.09.26-19.53.20:510][557]LogModuleManager: Shutting down and abandoning module WmfMediaEditor (560)
[2018.09.26-19.53.20:510][557]LogModuleManager: Shutting down and abandoning module MediaPlayerEditor (558)
[2018.09.26-19.53.20:512][557]LogModuleManager: Shutting down and abandoning module OpenExrWrapper (556)
[2018.09.26-19.53.20:512][557]LogModuleManager: Shutting down and abandoning module ImgMediaFactory (554)
[2018.09.26-19.53.20:512][557]LogModuleManager: Shutting down and abandoning module ImgMediaEditor (552)
[2018.09.26-19.53.20:512][557]LogModuleManager: Shutting down and abandoning module AvfMediaFactory (550)
[2018.09.26-19.53.20:512][557]LogModuleManager: Shutting down and abandoning module AvfMediaEditor (548)
[2018.09.26-19.53.20:512][557]LogModuleManager: Shutting down and abandoning module AndroidMediaFactory (546)
[2018.09.26-19.53.20:512][557]LogModuleManager: Shutting down and abandoning module AndroidMediaEditor (544)
[2018.09.26-19.53.20:512][557]LogModuleManager: Shutting down and abandoning module MagicLeapCameraPreviewFactory (542)
[2018.09.26-19.53.20:512][557]LogModuleManager: Shutting down and abandoning module MagicLeapMediaFactory (540)
[2018.09.26-19.53.20:512][557]LogModuleManager: Shutting down and abandoning module MagicLeapMediaEditor (538)
[2018.09.26-19.53.20:512][557]LogModuleManager: Shutting down and abandoning module CharacterAI (536)
[2018.09.26-19.53.20:512][557]LogModuleManager: Shutting down and abandoning module SmartSnapping (534)
[2018.09.26-19.53.20:512][557]LogModuleManager: Shutting down and abandoning module SessionServices (532)
[2018.09.26-19.53.20:512][557]LogModuleManager: Shutting down and abandoning module ViewportSnapping (530)
[2018.09.26-19.53.20:512][557]LogModuleManager: Shutting down and abandoning module ViewportInteraction (528)
[2018.09.26-19.53.20:512][557]LogModuleManager: Shutting down and abandoning module ClothPainter (526)
[2018.09.26-19.53.20:514][557]LogModuleManager: Shutting down and abandoning module SkeletalMeshEditor (525)
[2018.09.26-19.53.20:516][557]LogModuleManager: Shutting down and abandoning module LogVisualizer (522)
[2018.09.26-19.53.20:517][557]LogModuleManager: Shutting down and abandoning module IntroTutorials (520)
[2018.09.26-19.53.20:519][557]LogModuleManager: Shutting down and abandoning module GameProjectGeneration (519)
[2018.09.26-19.53.20:519][557]LogModuleManager: Shutting down and abandoning module LuminPlatformEditor (516)
[2018.09.26-19.53.20:519][557]LogModuleManager: Shutting down and abandoning module IOSPlatformEditor (514)
[2018.09.26-19.53.20:520][557]LogModuleManager: Shutting down and abandoning module HTML5PlatformEditor (512)
[2018.09.26-19.53.20:520][557]LogModuleManager: Shutting down and abandoning module AndroidPlatformEditor (510)
[2018.09.26-19.53.20:520][557]LogModuleManager: Shutting down and abandoning module AndroidDeviceDetection (509)
[2018.09.26-19.53.21:860][557]LogModuleManager: Shutting down and abandoning module WindowsPlatformEditor (506)
[2018.09.26-19.53.21:860][557]LogModuleManager: Shutting down and abandoning module LuminRuntimeSettings (504)
[2018.09.26-19.53.21:860][557]LogModuleManager: Shutting down and abandoning module IOSRuntimeSettings (502)
[2018.09.26-19.53.21:860][557]LogModuleManager: Shutting down and abandoning module AndroidRuntimeSettings (500)
[2018.09.26-19.53.21:860][557]LogModuleManager: Shutting down and abandoning module InputBindingEditor (498)
[2018.09.26-19.53.21:862][557]LogModuleManager: Shutting down and abandoning module MergeActors (496)
[2018.09.26-19.53.21:863][557]LogModuleManager: Shutting down and abandoning module LocalizationDashboard (494)
[2018.09.26-19.53.21:863][557]LogModuleManager: Shutting down and abandoning module LocalizationService (493)
[2018.09.26-19.53.21:864][557]LogModuleManager: Shutting down and abandoning module HardwareTargeting (490)
[2018.09.26-19.53.21:864][557]LogModuleManager: Shutting down and abandoning module DeviceProfileEditor (488)
[2018.09.26-19.53.21:864][557]LogModuleManager: Shutting down and abandoning module UndoHistory (486)
[2018.09.26-19.53.21:864][557]LogModuleManager: Shutting down and abandoning module XmlParser (484)
[2018.09.26-19.53.21:864][557]LogModuleManager: Shutting down and abandoning module Blutility (482)
[2018.09.26-19.53.21:865][557]LogModuleManager: Shutting down and abandoning module ProjectSettingsViewer (480)
[2018.09.26-19.53.21:865][557]LogModuleManager: Shutting down and abandoning module ProjectTargetPlatformEditor (479)
[2018.09.26-19.53.21:865][557]LogModuleManager: Shutting down and abandoning module EditorSettingsViewer (476)
[2018.09.26-19.53.21:865][557]LogModuleManager: Shutting down and abandoning module SettingsEditor (474)
[2018.09.26-19.53.21:866][557]LogModuleManager: Shutting down and abandoning module ProjectLauncher (472)
[2018.09.26-19.53.21:867][557]LogModuleManager: Shutting down and abandoning module SessionFrontend (470)
[2018.09.26-19.53.21:868][557]LogModuleManager: Shutting down and abandoning module ProfilerClient (468)
[2018.09.26-19.53.21:868][557]LogModuleManager: Shutting down and abandoning module DeviceManager (466)
[2018.09.26-19.53.21:869][557]LogModuleManager: Shutting down and abandoning module TargetDeviceServices (465)
[2018.09.26-19.53.21:924][557]LogModuleManager: Shutting down and abandoning module AutomationController (462)
[2018.09.26-19.53.21:925][557]LogModuleManager: Shutting down and abandoning module AutomationWindow (460)
[2018.09.26-19.53.21:926][557]LogModuleManager: Shutting down and abandoning module Layers (458)
[2018.09.26-19.53.21:928][557]LogModuleManager: Shutting down and abandoning module ComponentVisualizers (456)
[2018.09.26-19.53.21:928][557]LogModuleManager: Shutting down and abandoning module DetailCustomizations (454)
[2018.09.26-19.53.21:928][557]LogModuleManager: Shutting down and abandoning module PackagesDialog (452)
[2018.09.26-19.53.21:928][557]LogModuleManager: Shutting down and abandoning module Persona (450)
[2018.09.26-19.53.21:929][557]LogModuleManager: Shutting down and abandoning module AdvancedPreviewScene (449)
[2018.09.26-19.53.21:930][557]LogModuleManager: Shutting down and abandoning module AnimGraph (447)
[2018.09.26-19.53.21:930][557]LogModuleManager: Shutting down and abandoning module Kismet (444)
[2018.09.26-19.53.21:932][557]LogModuleManager: Shutting down and abandoning module GraphEditor (442)
[2018.09.26-19.53.21:932][557]LogModuleManager: Shutting down and abandoning module ClassViewer (440)
[2018.09.26-19.53.21:932][557]LogModuleManager: Shutting down and abandoning module Toolbox (438)
[2018.09.26-19.53.21:932][557]LogModuleManager: Shutting down and abandoning module ModuleUI (436)
[2018.09.26-19.53.21:933][557]LogModuleManager: Shutting down and abandoning module MovieSceneTools (434)
[2018.09.26-19.53.21:934][557]LogModuleManager: Shutting down and abandoning module OutputLog (432)
[2018.09.26-19.53.21:934][557]LogModuleManager: Shutting down and abandoning module GammaUI (430)
[2018.09.26-19.53.21:934][557]LogModuleManager: Shutting down and abandoning module Documentation (428)
[2018.09.26-19.53.21:934][557]LogModuleManager: Shutting down and abandoning module MovieSceneTracks (426)
[2018.09.26-19.53.21:934][557]LogModuleManager: Shutting down and abandoning module MovieScene (424)
[2018.09.26-19.53.21:935][557]LogModuleManager: Shutting down and abandoning module StreamingPauseRendering (422)
[2018.09.26-19.53.21:936][557]LogModuleManager: Shutting down and abandoning module LauncherPlatform (420)
[2018.09.26-19.53.21:936][557]LogModuleManager: Shutting down and abandoning module AnalyticsET (418)
[2018.09.26-19.53.21:936][557]LogModuleManager: Shutting down and abandoning module PortalServices (416)
[2018.09.26-19.53.21:936][557]LogModuleManager: Shutting down and abandoning module PortalRpc (414)
[2018.09.26-19.53.21:936][557]LogModuleManager: Shutting down and abandoning module MessagingRpc (412)
[2018.09.26-19.53.21:936][557]LogModuleManager: Shutting down and abandoning module AIModule (410)
[2018.09.26-19.53.21:937][557]LogModuleManager: Shutting down and abandoning module GameplayDebugger (409)
[2018.09.26-19.53.21:938][557]LogModuleManager: Shutting down and abandoning module AITestSuite (407)
[2018.09.26-19.53.21:939][557]LogModuleManager: Shutting down and abandoning module NavigationSystem (405)
[2018.09.26-19.53.21:939][557]LogModuleManager: Shutting down and abandoning module DesktopPlatform (402)
[2018.09.26-19.53.21:939][557]LogModuleManager: Shutting down and abandoning module ProfilerService (400)
[2018.09.26-19.53.22:124][557]LogModuleManager: Shutting down and abandoning module TaskGraph (398)
[2018.09.26-19.53.22:126][557]LogModuleManager: Shutting down and abandoning module SteamVRController (396)
[2018.09.26-19.53.22:126][557]LogModuleManager: Shutting down and abandoning module ProceduralMeshComponentEditor (394)
[2018.09.26-19.53.22:126][557]LogModuleManager: Shutting down and abandoning module ProceduralMeshComponent (392)
[2018.09.26-19.53.22:126][557]LogModuleManager: Shutting down and abandoning module OculusInput (390)
[2018.09.26-19.53.22:126][557]LogModuleManager: Shutting down and abandoning module MobilePatchingUtils (388)
[2018.09.26-19.53.22:126][557]LogModuleManager: Shutting down and abandoning module EditableMesh (386)
[2018.09.26-19.53.22:127][557]LogModuleManager: Shutting down and abandoning module CustomMeshComponent (384)
[2018.09.26-19.53.22:127][557]LogModuleManager: Shutting down and abandoning module CableComponent (382)
[2018.09.26-19.53.22:127][557]LogModuleManager: Shutting down and abandoning module AudioCapture (380)
[2018.09.26-19.53.22:127][557]LogModuleManager: Shutting down and abandoning module ArchVisCharacter (378)
[2018.09.26-19.53.22:127][557]LogModuleManager: Shutting down and abandoning module AndroidPermission (376)
[2018.09.26-19.53.22:127][557]LogModuleManager: Shutting down and abandoning module NUTUnrealEngine4 (374)
[2018.09.26-19.53.22:127][557]LogModuleManager: Shutting down and abandoning module NetcodeUnitTest (372)
[2018.09.26-19.53.22:131][557]LogModuleManager: Shutting down and abandoning module MediaCompositingEditor (370)
[2018.09.26-19.53.22:131][557]LogModuleManager: Shutting down and abandoning module MediaCompositing (368)
[2018.09.26-19.53.22:131][557]LogModuleManager: Shutting down and abandoning module LinearTimecode (366)
[2018.09.26-19.53.22:131][557]LogModuleManager: Shutting down and abandoning module ImgMedia (364)
[2018.09.26-19.53.22:139][557]LogModuleManager: Shutting down and abandoning module HTML5Networking (362)
[2018.09.26-19.53.22:139][557]LogModuleManager: Shutting down and abandoning module GeometryCacheTracks (360)
[2018.09.26-19.53.22:139][557]LogModuleManager: Shutting down and abandoning module GeometryCacheSequencer (358)
[2018.09.26-19.53.22:139][557]LogModuleManager: Shutting down and abandoning module BackChannel (356)
[2018.09.26-19.53.22:140][557]LogModuleManager: Shutting down and abandoning module AppleVision (354)
[2018.09.26-19.53.22:140][557]LogModuleManager: Shutting down and abandoning module AppleImageUtils (352)
[2018.09.26-19.53.22:140][557]LogModuleManager: Shutting down and abandoning module AlembicImporter (350)
[2018.09.26-19.53.22:140][557]LogModuleManager: Shutting down and abandoning module AlembicLibrary (349)
[2018.09.26-19.53.22:140][557]LogModuleManager: Shutting down and abandoning module GeometryCache (348)
[2018.09.26-19.53.22:140][557]LogModuleManager: Shutting down and abandoning module GeometryCacheEd (347)
[2018.09.26-19.53.22:140][557]LogModuleManager: Shutting down and abandoning module DatasmithContentEditor (342)
[2018.09.26-19.53.22:142][557]LogModuleManager: Shutting down and abandoning module DatasmithContent (340)
[2018.09.26-19.53.22:142][557]LogModuleManager: Shutting down and abandoning module SpeedTreeImporter (338)
[2018.09.26-19.53.22:142][557]LogModuleManager: Shutting down and abandoning module PluginBrowser (336)
[2018.09.26-19.53.22:145][557]LogModuleManager: Shutting down and abandoning module MobileLauncherProfileWizard (334)
[2018.09.26-19.53.22:145][557]LogModuleManager: Shutting down and abandoning module PolygonModeling (332)
[2018.09.26-19.53.22:145][557]LogModuleManager: Shutting down and abandoning module MeshEditor (330)
[2018.09.26-19.53.22:146][557]LogModuleManager: Shutting down and abandoning module CryptoKeysOpenSSL (328)
[2018.09.26-19.53.22:148][557]LogModuleManager: Shutting down and abandoning module CryptoKeys (326)
[2018.09.26-19.53.22:148][557]LogModuleManager: Shutting down and abandoning module VisualStudioSourceCodeAccess (324)
[2018.09.26-19.53.22:148][557]LogModuleManager: Shutting down and abandoning module VisualStudioCodeSourceCodeAccess (322)
[2018.09.26-19.53.22:148][557]LogModuleManager: Shutting down and abandoning module UObjectPlugin (320)
[2018.09.26-19.53.22:148][557]LogModuleManager: Shutting down and abandoning module SubversionSourceControl (318)
[2018.09.26-19.53.22:148][557]LogModuleManager: Shutting down and abandoning module PerforceSourceControl (316)
[2018.09.26-19.53.22:151][557]LogModuleManager: Shutting down and abandoning module GitSourceControl (314)
[2018.09.26-19.53.22:152][557]LogModuleManager: Shutting down and abandoning module SourceControl (313)
[2018.09.26-19.53.22:152][557]LogModuleManager: Shutting down and abandoning module CLionSourceCodeAccess (310)
[2018.09.26-19.53.22:152][557]LogModuleManager: Shutting down and abandoning module LightPropagationVolumeEditor (308)
[2018.09.26-19.53.22:152][557]LogModuleManager: Shutting down and abandoning module PaperTiledImporter (306)
[2018.09.26-19.53.22:152][557]LogModuleManager: Shutting down and abandoning module PaperSpriteSheetImporter (304)
[2018.09.26-19.53.22:152][557]LogModuleManager: Shutting down and abandoning module Paper2DEditor (302)
[2018.09.26-19.53.22:154][557]LogModuleManager: Shutting down and abandoning module MeshPaint (301)
[2018.09.26-19.53.22:155][557]LogModuleManager: Shutting down and abandoning module RuntimePhysXCooking (298)
[2018.09.26-19.53.22:155][557]LogModuleManager: Shutting down and abandoning module PhysXVehiclesEditor (296)
[2018.09.26-19.53.22:155][557]LogModuleManager: Shutting down and abandoning module PhysXVehicles (294)
[2018.09.26-19.53.22:155][557]LogModuleManager: Shutting down and abandoning module OculusEditor (292)
[2018.09.26-19.53.22:156][557]LogModuleManager: Shutting down and abandoning module LocationServicesBPLibrary (290)
[2018.09.26-19.53.22:156][557]LogModuleManager: Shutting down and abandoning module ImmediatePhysicsEditor (288)
[2018.09.26-19.53.22:156][557]LogModuleManager: Shutting down and abandoning module ImmediatePhysics (286)
[2018.09.26-19.53.22:156][557]LogModuleManager: Shutting down and abandoning module ActorSequence (284)
[2018.09.26-19.53.22:156][557]LogModuleManager: Shutting down and abandoning module UdpMessaging (282)
[2018.09.26-19.53.22:258][557]LogModuleManager: Shutting down and abandoning module TcpMessaging (280)
[2018.09.26-19.53.22:359][557]LogModuleManager: Shutting down and abandoning module MagicLeapAudio (278)
[2018.09.26-19.53.22:359][557]LogModuleManager: Shutting down and abandoning module GameplayTagsEditor (276)
[2018.09.26-19.53.22:361][557]LogModuleManager: Shutting down and abandoning module FacialAnimationEditor (274)
[2018.09.26-19.53.22:361][557]LogModuleManager: Shutting down and abandoning module FacialAnimation (272)
[2018.09.26-19.53.22:361][557]LogModuleManager: Shutting down and abandoning module DataValidation (270)
[2018.09.26-19.53.22:361][557]LogModuleManager: Shutting down and abandoning module AssetManagerEditor (268)
[2018.09.26-19.53.22:363][557]LogModuleManager: Shutting down and abandoning module LevelEditor (267)
[2018.09.26-19.53.22:364][557]LogModuleManager: Shutting down and abandoning module PixelInspectorModule (266)
[2018.09.26-19.53.22:365][557]LogModuleManager: Shutting down and abandoning module CommonMenuExtensions (264)
[2018.09.26-19.53.22:365][557]LogModuleManager: Shutting down and abandoning module MainFrame (262)
[2018.09.26-19.53.22:366][557]LogModuleManager: Shutting down and abandoning module HotReload (261)
[2018.09.26-19.53.22:367][557]LogModuleManager: Shutting down and abandoning module ContentBrowser (257)
[2018.09.26-19.53.22:369][557]LogModuleManager: Shutting down and abandoning module TreeMap (255)
[2018.09.26-19.53.22:369][557]LogModuleManager: Shutting down and abandoning module LightPropagationVolumeRuntime (252)
[2018.09.26-19.53.22:369][557]LogModuleManager: Shutting down and abandoning module AISupportModule (250)
[2018.09.26-19.53.22:369][557]LogModuleManager: Shutting down and abandoning module Paper2D (248)
[2018.09.26-19.53.22:370][557]LogModuleManager: Shutting down and abandoning module WindowsMoviePlayer (246)
[2018.09.26-19.53.22:370][557]LogModuleManager: Shutting down and abandoning module WmfMedia (244)
[2018.09.26-19.53.22:374][557]LogModuleManager: Shutting down and abandoning module Media (243)
[2018.09.26-19.53.22:381][557]LogModuleManager: Shutting down and abandoning module PacketHandler (240)
[2018.09.26-19.53.22:381][557]LogModuleManager: Shutting down and abandoning module ClothingSystemEditor (238)
[2018.09.26-19.53.22:381][557]LogModuleManager: Shutting down and abandoning module ClothingSystemRuntime (236)
[2018.09.26-19.53.22:382][557]LogModuleManager: Shutting down and abandoning module MediaAssets (234)
[2018.09.26-19.53.22:382][557]LogModuleManager: Shutting down and abandoning module Overlay (232)
[2018.09.26-19.53.22:382][557]LogModuleManager: Shutting down and abandoning module OverlayEditor (231)
[2018.09.26-19.53.22:382][557]LogModuleManager: Shutting down and abandoning module VREditor (228)
[2018.09.26-19.53.22:383][557]LogModuleManager: Shutting down and abandoning module StringTableEditor (226)
[2018.09.26-19.53.22:383][557]LogModuleManager: Shutting down and abandoning module GameplayTasksEditor (224)
[2018.09.26-19.53.22:383][557]LogModuleManager: Shutting down and abandoning module BehaviorTreeEditor (222)
[2018.09.26-19.53.22:386][557]LogModuleManager: Shutting down and abandoning module FunctionalTesting (220)
[2018.09.26-19.53.22:387][557]LogModuleManager: Shutting down and abandoning module CollisionAnalyzer (218)
[2018.09.26-19.53.22:388][557]LogModuleManager: Shutting down and abandoning module WorkspaceMenuStructure (217)
[2018.09.26-19.53.22:388][557]LogModuleManager: Shutting down and abandoning module UMG (214)
[2018.09.26-19.53.22:389][557]LogModuleManager: Shutting down and abandoning module UMGEditor (213)
[2018.09.26-19.53.22:391][557]LogModuleManager: Shutting down and abandoning module Sequencer (212)
[2018.09.26-19.53.22:394][557]LogModuleManager: Shutting down and abandoning module MessageLog (209)
[2018.09.26-19.53.22:394][557]LogModuleManager: Shutting down and abandoning module SlateReflector (204)
[2018.09.26-19.53.22:397][557]LogModuleManager: Shutting down and abandoning module Slate (202)
[2018.09.26-19.53.22:397][557]LogModuleManager: Shutting down and abandoning module EditorStyle (200)
[2018.09.26-19.53.22:401][557]LogModuleManager: Shutting down and abandoning module MRMesh (198)
[2018.09.26-19.53.22:401][557]LogModuleManager: Shutting down and abandoning module SourceCodeAccess (196)
[2018.09.26-19.53.22:401][557]LogModuleManager: Shutting down and abandoning module HeadMountedDisplay (194)
[2018.09.26-19.53.22:401][557]LogModuleManager: Shutting down and abandoning module XAudio2 (192)
[2018.09.26-19.53.22:401][557]LogModuleManager: Shutting down and abandoning module Networking (190)
[2018.09.26-19.53.22:401][557]LogModuleManager: Shutting down and abandoning module Core (188)
[2018.09.26-19.53.22:401][557]LogModuleManager: Shutting down and abandoning module LevelSequence (186)
[2018.09.26-19.53.22:401][557]LogModuleManager: Shutting down and abandoning module KismetCompiler (184)
[2018.09.26-19.53.22:402][557]LogModuleManager: Shutting down and abandoning module MeshUtilities (182)
[2018.09.26-19.53.22:403][557]LogModuleManager: Shutting down and abandoning module MeshMergeUtilities (181)
[2018.09.26-19.53.22:404][557]LogModuleManager: Shutting down and abandoning module MeshReductionInterface (180)
[2018.09.26-19.53.22:404][557]LogModuleManager: Shutting down and abandoning module SimplygonSwarm (179)
[2018.09.26-19.53.22:404][557]LogModuleManager: Shutting down and abandoning module ProxyLODMeshReduction (177)
[2018.09.26-19.53.22:406][557]LogModuleManager: Shutting down and abandoning module SimplygonMeshReduction (175)
[2018.09.26-19.53.22:406][557]LogModuleManager: Shutting down and abandoning module QuadricMeshReduction (173)
[2018.09.26-19.53.22:407][557]LogModuleManager: Shutting down and abandoning module MaterialBaking (169)
[2018.09.26-19.53.22:407][557]LogModuleManager: Shutting down and abandoning module DirectoryWatcher (165)
[2018.09.26-19.53.22:407][557]LogModuleManager: Shutting down and abandoning module DerivedDataCache (162)
[2018.09.26-19.53.22:452][557]LogDerivedDataCache: Shutdown
[2018.09.26-19.53.22:452][557]LogModuleManager: Shutting down and abandoning module XGEController (160)
[2018.09.26-19.53.22:453][557]LogModuleManager: Shutting down and abandoning module TargetPlatform (158)
[2018.09.26-19.53.22:453][557]LogModuleManager: Shutting down and abandoning module VulkanShaderFormat (157)
[2018.09.26-19.53.22:453][557]LogModuleManager: Shutting down and abandoning module ShaderFormatVectorVM (155)
[2018.09.26-19.53.22:454][557]LogModuleManager: Shutting down and abandoning module ShaderFormatOpenGL (153)
[2018.09.26-19.53.22:455][557]LogModuleManager: Shutting down and abandoning module ShaderFormatD3D (151)
[2018.09.26-19.53.22:455][557]LogModuleManager: Shutting down and abandoning module MetalShaderFormat (149)
[2018.09.26-19.53.22:456][557]LogModuleManager: Shutting down and abandoning module TextureFormatUncompressed (147)
[2018.09.26-19.53.22:456][557]LogModuleManager: Shutting down and abandoning module TextureFormatPVR (145)
[2018.09.26-19.53.22:456][557]LogModuleManager: Shutting down and abandoning module TextureFormatDXT (143)
[2018.09.26-19.53.22:456][557]LogModuleManager: Shutting down and abandoning module TextureFormatIntelISPCTexComp (141)
[2018.09.26-19.53.22:456][557]LogModuleManager: Shutting down and abandoning module TextureFormatASTC (139)
[2018.09.26-19.53.22:457][557]LogModuleManager: Shutting down and abandoning module ImageWrapper (138)
[2018.09.26-19.53.22:457][557]LogModuleManager: Shutting down and abandoning module TextureFormatAndroid (135)
[2018.09.26-19.53.22:457][557]LogModuleManager: Shutting down and abandoning module AudioFormatOpus (133)
[2018.09.26-19.53.22:457][557]LogModuleManager: Shutting down and abandoning module AudioFormatOgg (131)
[2018.09.26-19.53.22:457][557]LogModuleManager: Shutting down and abandoning module AudioFormatADPCM (129)
[2018.09.26-19.53.22:457][557]LogModuleManager: Shutting down and abandoning module LuminTargetPlatform (127)
[2018.09.26-19.53.22:457][557]LogModuleManager: Shutting down and abandoning module LinuxTargetPlatform (125)
[2018.09.26-19.53.22:457][557]LogModuleManager: Shutting down and abandoning module LinuxServerTargetPlatform (123)
[2018.09.26-19.53.22:457][557]LogModuleManager: Shutting down and abandoning module LinuxNoEditorTargetPlatform (121)
[2018.09.26-19.53.22:457][557]LogModuleManager: Shutting down and abandoning module LinuxClientTargetPlatform (119)
[2018.09.26-19.53.22:458][557]LogModuleManager: Shutting down and abandoning module TVOSTargetPlatform (117)
[2018.09.26-19.53.22:459][557]LogModuleManager: Shutting down and abandoning module Messaging (115)
[2018.09.26-19.53.22:459][557]LogModuleManager: Shutting down and abandoning module IOSTargetPlatform (113)
[2018.09.26-19.53.22:460][557]LogModuleManager: Shutting down and abandoning module HTML5TargetPlatform (111)
[2018.09.26-19.53.22:460][557]LogModuleManager: Shutting down and abandoning module AndroidTargetPlatform (109)
[2018.09.26-19.53.22:471][557]LogModuleManager: Shutting down and abandoning module WindowsTargetPlatform (107)
[2018.09.26-19.53.22:471][557]LogModuleManager: Shutting down and abandoning module WindowsServerTargetPlatform (105)
[2018.09.26-19.53.22:471][557]LogModuleManager: Shutting down and abandoning module WindowsNoEditorTargetPlatform (103)
[2018.09.26-19.53.22:471][557]LogModuleManager: Shutting down and abandoning module WindowsClientTargetPlatform (101)
[2018.09.26-19.53.22:471][557]LogModuleManager: Shutting down and abandoning module MacTargetPlatform (99)
[2018.09.26-19.53.22:472][557]LogModuleManager: Shutting down and abandoning module MacServerTargetPlatform (97)
[2018.09.26-19.53.22:472][557]LogModuleManager: Shutting down and abandoning module MacNoEditorTargetPlatform (95)
[2018.09.26-19.53.22:472][557]LogModuleManager: Shutting down and abandoning module MacClientTargetPlatform (93)
[2018.09.26-19.53.22:472][557]LogModuleManager: Shutting down and abandoning module AllDesktopTargetPlatform (91)
[2018.09.26-19.53.22:472][557]LogModuleManager: Shutting down and abandoning module InputCore (88)
[2018.09.26-19.53.22:472][557]LogModuleManager: Shutting down and abandoning module Settings (86)
[2018.09.26-19.53.22:472][557]LogModuleManager: Shutting down and abandoning module PhysXCooking (84)
[2018.09.26-19.53.22:472][557]LogModuleManager: Shutting down and abandoning module SteamVR (82)
[2018.09.26-19.53.22:472][557]LogModuleManager: Shutting down and abandoning module OculusHMD (80)
[2018.09.26-19.53.22:472][557]LogModuleManager: Shutting down and abandoning module ExampleDeviceProfileSelector (78)
[2018.09.26-19.53.22:473][557]LogModuleManager: Shutting down and abandoning module LauncherChunkInstaller (76)
[2018.09.26-19.53.22:473][557]LogModuleManager: Shutting down and abandoning module OnlineBlueprintSupport (74)
[2018.09.26-19.53.22:473][557]LogModuleManager: Shutting down and abandoning module OnlineSubsystem (70)
[2018.09.26-19.53.22:476][557]LogModuleManager: Shutting down and abandoning module XMPP (65)
[2018.09.26-19.53.22:479][557]LogModuleManager: Shutting down and abandoning module WebSockets (64)
[2018.09.26-19.53.22:491][557]LogModuleManager: Shutting down and abandoning module HTTP (61)
[2018.09.26-19.53.22:492][557]LogHttp: Display: Http module shutting down, but needs to wait on 1 outstanding Http requests:
[2018.09.26-19.53.22:492][557]LogHttp: Display: 	verb=[POST] url=[https://datarouter.ol.epicgames.com/datarouter/api/v1/public/data?SessionID=%7B91EA09B2-451B-324C-AEB2-F792CB0DEFC4%7D&AppID=UEEditor.Rocket.Release&AppVersion=4.20.2-4302132%2B%2B%2BUE4%2BRelease-4.20&UserID=edbe6caf4b68131660ea2fbda8004c08%7Cf987db4c537846cda6aea81b7c6bb945%7Cc2c9b893-6a27-4508-b5c4-5ed46d8db6a5&AppEnvironment=datacollector-binary&UploadType=eteventstream] status=Processing
[2018.09.26-19.53.22:492][557]LogHttp: Display: Sleeping 0.5s to wait for 1 outstanding Http requests.
[2018.09.26-19.53.22:993][557]LogHttp: Display: Sleeping 0.5s to wait for 1 outstanding Http requests.
[2018.09.26-19.53.23:494][557]LogHttp: Display: Sleeping 0.5s to wait for 1 outstanding Http requests.
[2018.09.26-19.53.23:995][557]LogHttp: Display: Sleeping 0.5s to wait for 1 outstanding Http requests.
[2018.09.26-19.53.24:496][557]LogHttp: Display: Sleeping 0.5s to wait for 1 outstanding Http requests.
[2018.09.26-19.53.24:996][557]LogHttp: Display: Sleeping 0.5s to wait for 1 outstanding Http requests.
[2018.09.26-19.53.25:496][557]LogHttp: Display: Sleeping 0.5s to wait for 1 outstanding Http requests.
[2018.09.26-19.53.25:997][557]LogHttp: Display: Sleeping 0.5s to wait for 1 outstanding Http requests.
[2018.09.26-19.53.26:498][557]LogHttp: Display: Sleeping 0.5s to wait for 1 outstanding Http requests.
[2018.09.26-19.53.26:999][557]LogHttp: Display: Sleeping 0.5s to wait for 1 outstanding Http requests.
[2018.09.26-19.53.27:500][557]LogHttp: Display: Sleeping 0.5s to wait for 1 outstanding Http requests.
[2018.09.26-19.53.28:000][557]LogHttp: Display: Sleeping 0.5s to wait for 1 outstanding Http requests.
[2018.09.26-19.53.28:501][557]LogHttp: Display: Sleeping 0.5s to wait for 1 outstanding Http requests.
[2018.09.26-19.53.29:002][557]LogHttp: Display: Sleeping 0.5s to wait for 1 outstanding Http requests.
[2018.09.26-19.53.29:502][557]LogHttp: Display: Sleeping 0.5s to wait for 1 outstanding Http requests.
[2018.09.26-19.53.30:003][557]LogHttp: Display: Sleeping 0.5s to wait for 1 outstanding Http requests.
[2018.09.26-19.53.30:504][557]LogHttp: Display: Sleeping 0.5s to wait for 1 outstanding Http requests.
[2018.09.26-19.53.31:004][557]LogHttp: Warning: 0000017C749D39C0: request failed, libcurl error: 6 (Couldn't resolve host name)
[2018.09.26-19.53.31:004][557]LogHttp: Warning: 0000017C749D39C0: libcurl info message cache 0 (Could not resolve host: datarouter.ol.epicgames.com)
[2018.09.26-19.53.31:004][557]LogHttp: Warning: 0000017C749D39C0: libcurl info message cache 1 (Closing connection 5)
[2018.09.26-19.53.31:037][557]LogModuleManager: Shutting down and abandoning module SSL (60)
[2018.09.26-19.53.31:041][557]LogModuleManager: Shutting down and abandoning module MagicLeapEmulator (56)
[2018.09.26-19.53.31:041][557]LogModuleManager: Shutting down and abandoning module MagicLeapPrivileges (54)
[2018.09.26-19.53.31:041][557]LogModuleManager: Shutting down and abandoning module MagicLeapIdentity (52)
[2018.09.26-19.53.31:041][557]LogModuleManager: Shutting down and abandoning module MagicLeapHelperVulkan (50)
[2018.09.26-19.53.31:041][557]LogModuleManager: Shutting down and abandoning module MagicLeapHelperOpenGL (48)
[2018.09.26-19.53.31:041][557]LogModuleManager: Shutting down and abandoning module MagicLeapSecureStorage (46)
[2018.09.26-19.53.31:041][557]LogModuleManager: Shutting down and abandoning module MagicLeapGestures (44)
[2018.09.26-19.53.31:041][557]LogModuleManager: Shutting down and abandoning module MagicLeapEyeTracker (42)
[2018.09.26-19.53.31:041][557]LogModuleManager: Shutting down and abandoning module MagicLeapController (40)
[2018.09.26-19.53.31:042][557]LogSlate: Slate User Destroyed.  User Index 0, Is Virtual User: 0
[2018.09.26-19.53.31:042][557]LogModuleManager: Shutting down and abandoning module MagicLeap (38)
[2018.09.26-19.53.31:042][557]LogModuleManager: Shutting down and abandoning module AnimationModifiers (36)
[2018.09.26-19.53.31:043][557]LogModuleManager: Shutting down and abandoning module PropertyEditor (35)
[2018.09.26-19.53.31:044][557]LogModuleManager: Shutting down and abandoning module AudioEditor (32)
[2018.09.26-19.53.31:045][557]LogModuleManager: Shutting down and abandoning module TextureCompressor (30)
[2018.09.26-19.53.31:045][557]LogModuleManager: Shutting down and abandoning module ShaderCore (28)
[2018.09.26-19.53.31:045][557]LogModuleManager: Shutting down and abandoning module Landscape (26)
[2018.09.26-19.53.31:045][557]LogModuleManager: Shutting down and abandoning module SlateRHIRenderer (24)
[2018.09.26-19.53.31:047][557]LogModuleManager: Shutting down and abandoning module OpenGLDrv (22)
[2018.09.26-19.53.31:047][557]LogModuleManager: Shutting down and abandoning module D3D11RHI (20)
[2018.09.26-19.53.31:047][557]LogModuleManager: Shutting down and abandoning module AnimGraphRuntime (18)
[2018.09.26-19.53.31:048][557]LogModuleManager: Shutting down and abandoning module Renderer (16)
[2018.09.26-19.53.31:048][557]LogModuleManager: Shutting down and abandoning module Engine (14)
[2018.09.26-19.53.31:048][557]LogModuleManager: Shutting down and abandoning module CoreUObject (12)
[2018.09.26-19.53.31:048][557]LogModuleManager: Shutting down and abandoning module NetworkFile (10)
[2018.09.26-19.53.31:048][557]LogModuleManager: Shutting down and abandoning module CookedIterativeFile (8)
[2018.09.26-19.53.31:048][557]LogModuleManager: Shutting down and abandoning module StreamingFile (6)
[2018.09.26-19.53.31:048][557]LogModuleManager: Shutting down and abandoning module SandboxFile (4)
[2018.09.26-19.53.31:049][557]LogModuleManager: Shutting down and abandoning module PakFile (2)
[2018.09.26-19.53.31:065][557]LogExit: Exiting.
[2018.09.26-19.53.31:090][557]Log file closed, 09/26/18 13:53:31
